{"uid":"ad44e57c9b22356c","name":"test_registration_form","fullName":"tests.test_registration.TestRegistrationForm#test_registration_form","historyId":"7c62ead2c384f2f63a2e5d8cf54b42d8","time":{"start":1689703194153,"stop":1689703195083,"duration":930},"status":"passed","flaky":false,"newFailed":false,"newBroken":false,"newPassed":true,"retriesCount":1,"retriesStatusChange":false,"beforeStages":[{"name":"_session_faker","time":{"start":1689703192228,"stop":1689703192246,"duration":18},"status":"passed","steps":[],"attachments":[],"parameters":[],"stepsCount":0,"attachmentsCount":0,"shouldDisplayMessage":false,"hasContent":false},{"name":"browser","time":{"start":1689703192246,"stop":1689703194153,"duration":1907},"status":"passed","steps":[],"attachments":[],"parameters":[],"stepsCount":0,"attachmentsCount":0,"shouldDisplayMessage":false,"hasContent":false}],"testStage":{"status":"passed","steps":[{"name":"Открываем главную страницу","time":{"start":1689703194155,"stop":1689703194634,"duration":479},"status":"passed","steps":[],"attachments":[],"parameters":[],"stepsCount":0,"attachmentsCount":0,"shouldDisplayMessage":false,"hasContent":false},{"name":"Нажать кнопку регистрации                          нового пользователя в navbar.","time":{"start":1689703194634,"stop":1689703194753,"duration":119},"status":"passed","steps":[],"attachments":[],"parameters":[],"stepsCount":0,"attachmentsCount":0,"shouldDisplayMessage":false,"hasContent":false},{"name":"Заполнить поля username и password.","time":{"start":1689703194753,"stop":1689703195083,"duration":330},"status":"passed","steps":[],"attachments":[],"parameters":[],"stepsCount":0,"attachmentsCount":0,"shouldDisplayMessage":false,"hasContent":false}],"attachments":[],"parameters":[],"stepsCount":3,"attachmentsCount":0,"shouldDisplayMessage":false,"hasContent":true},"afterStages":[{"name":"browser::0","time":{"start":1689703195084,"stop":1689703195143,"duration":59},"status":"passed","steps":[],"attachments":[],"parameters":[],"stepsCount":0,"attachmentsCount":0,"shouldDisplayMessage":false,"hasContent":false}],"labels":[{"name":"tag","value":"registration_test(scope='function', autouse=True)"},{"name":"parentSuite","value":"tests"},{"name":"suite","value":"test_registration"},{"name":"subSuite","value":"TestRegistrationForm"},{"name":"host","value":"fv-az396-900"},{"name":"thread","value":"2404-MainThread"},{"name":"framework","value":"pytest"},{"name":"language","value":"cpython3"},{"name":"package","value":"tests.test_registration"},{"name":"resultFormat","value":"allure2"}],"parameters":[],"links":[],"hidden":false,"retry":false,"extra":{"severity":"normal","retries":[{"uid":"ac54b45e0681fa8d","status":"passed","time":{"start":1689677407901,"stop":1689677409816,"duration":1915}}],"categories":[],"history":{"statistic":{"failed":0,"broken":2,"skipped":0,"passed":3,"unknown":0,"total":5},"items":[{"uid":"1d9c226c7aafb1b","reportUrl":"https://IlyaYaP.github.io/UI-test-automation/4//#testresult/1d9c226c7aafb1b","status":"broken","statusDetails":"selenium.common.exceptions.WebDriverException: Message: unknown error: Chrome failed to start: exited abnormally.\n  (unknown error: DevToolsActivePort file doesn't exist)\n  (The process started from chrome location /usr/bin/google-chrome is no longer running, so ChromeDriver is assuming that Chrome has crashed.)\nStacktrace:\n#0 0x5611e96ac4e3 <unknown>\n#1 0x5611e93dbc76 <unknown>\n#2 0x5611e9404d78 <unknown>\n#3 0x5611e9401029 <unknown>\n#4 0x5611e943fccc <unknown>\n#5 0x5611e943f47f <unknown>\n#6 0x5611e9436de3 <unknown>\n#7 0x5611e940c2dd <unknown>\n#8 0x5611e940d34e <unknown>\n#9 0x5611e966c3e4 <unknown>\n#10 0x5611e96703d7 <unknown>\n#11 0x5611e967ab20 <unknown>\n#12 0x5611e9671023 <unknown>\n#13 0x5611e963f1aa <unknown>\n#14 0x5611e96956b8 <unknown>\n#15 0x5611e9695847 <unknown>\n#16 0x5611e96a5243 <unknown>\n#17 0x7f8dbedfab43 <unknown>","time":{"start":1689703051935,"stop":1689703051935,"duration":0}},{"uid":"97400d79ca2efb15","reportUrl":"https://IlyaYaP.github.io/UI-test-automation/3//#testresult/97400d79ca2efb15","status":"passed","time":{"start":1689677407901,"stop":1689677409816,"duration":1915}},{"uid":"b34a34496d9e947e","reportUrl":"https://IlyaYaP.github.io/UI-test-automation/2//#testresult/b34a34496d9e947e","status":"broken","statusDetails":"selenium.common.exceptions.WebDriverException: Message: unknown error: Chrome failed to start: exited abnormally.\n  (unknown error: DevToolsActivePort file doesn't exist)\n  (The process started from chrome location /usr/bin/google-chrome is no longer running, so ChromeDriver is assuming that Chrome has crashed.)\nStacktrace:\n#0 0x5601d9d054e3 <unknown>\n#1 0x5601d9a34c76 <unknown>\n#2 0x5601d9a5dd78 <unknown>\n#3 0x5601d9a5a029 <unknown>\n#4 0x5601d9a98ccc <unknown>\n#5 0x5601d9a9847f <unknown>\n#6 0x5601d9a8fde3 <unknown>\n#7 0x5601d9a652dd <unknown>\n#8 0x5601d9a6634e <unknown>\n#9 0x5601d9cc53e4 <unknown>\n#10 0x5601d9cc93d7 <unknown>\n#11 0x5601d9cd3b20 <unknown>\n#12 0x5601d9cca023 <unknown>\n#13 0x5601d9c981aa <unknown>\n#14 0x5601d9cee6b8 <unknown>\n#15 0x5601d9cee847 <unknown>\n#16 0x5601d9cfe243 <unknown>\n#17 0x7fde49657b43 <unknown>","time":{"start":1689691030139,"stop":1689691030139,"duration":0}},{"uid":"ba745d0dcae4cfb8","reportUrl":"https://IlyaYaP.github.io/UI-test-automation/1//#testresult/ba745d0dcae4cfb8","status":"passed","time":{"start":1689684982068,"stop":1689684983913,"duration":1845}}]},"tags":["registration_test(scope='function', autouse=True)"]},"source":"ad44e57c9b22356c.json","parameterValues":[]}