{"uid":"87d58812a24f4cc0","name":"test_registration_form","fullName":"tests.test_registration.TestRegistrationForm#test_registration_form","historyId":"7c62ead2c384f2f63a2e5d8cf54b42d8","time":{"start":1689791841037,"stop":1689791842816,"duration":1779},"status":"failed","statusMessage":"AssertionError: The message in the alert box does not match the expected","statusTrace":"self = <tests.test_registration.TestRegistrationForm object at 0x000002358A7BF340>, browser = <selenium.webdriver.chrome.webdriver.WebDriver (session=\"a7fe4256cedaaa947d33a12af12a196a\")>\n\n    @pytest.mark.registration_test(scope='function', autouse=True)\n    def test_registration_form(self, browser):\n        page = RegistrationPage(browser, 'https://www.demoblaze.com/')\n        page.open_page()\n        page.registration_new_user()\n>       page.is_alert_message_present(RegistrationData.sing_up_successful_message)\n\ntests\\test_registration.py:16: \n_ _ _ _ _ _ _ _ _ _ _ _ _ _ _ _ _ _ _ _ _ _ _ _ _ _ _ _ _ _ _ _ _ _ _ _ _ _ _ _ _ _ _ _ _ _ _ _ _ _ _ _ _ _ _ _ _ _ _ _ _ _ _ _ _ _ _ _ _ _ _ _ _ _ _ _ _ _ _ _ _ _ _ _ _ _ _ _ _ _ _ _ _ _ _ _ _ _ _ _ _ _ _ _ _ _ _ _ _ _ _ _ _ _ \n\nself = <pages.registration_page.RegistrationPage object at 0x000002358A7BF4C0>, allert_message = 'Sign up successful.'\n\n    def is_alert_message_present(self, allert_message):\n        '''Функция проверки появления алерта с соответствующим сообщением'''\n        with allure.step('Проверяем, что появился алерт с соответствующим сообщением'):\n    \n            try:\n                WebDriverWait(self.browser, timeout=1).until(EC.alert_is_present(), 'Timed out waiting.')\n                sign_up_alert = self.browser.switch_to.alert\n>               assert sign_up_alert.text == allert_message, 'The message in the alert box does not match the expected'\nE               AssertionError: The message in the alert box does not match the expected\n\npages\\base_page.py:41: AssertionError","flaky":false,"newFailed":false,"newBroken":false,"newPassed":false,"retriesCount":8,"retriesStatusChange":true,"beforeStages":[{"name":"_session_faker","time":{"start":1689791839686,"stop":1689791839721,"duration":35},"status":"passed","steps":[],"attachments":[],"parameters":[],"stepsCount":0,"attachmentsCount":0,"shouldDisplayMessage":false,"hasContent":false},{"name":"browser","time":{"start":1689791839721,"stop":1689791841037,"duration":1316},"status":"passed","steps":[],"attachments":[],"parameters":[],"stepsCount":0,"attachmentsCount":0,"shouldDisplayMessage":false,"hasContent":false}],"testStage":{"status":"failed","statusMessage":"AssertionError: The message in the alert box does not match the expected","statusTrace":"self = <tests.test_registration.TestRegistrationForm object at 0x000002358A7BF340>, browser = <selenium.webdriver.chrome.webdriver.WebDriver (session=\"a7fe4256cedaaa947d33a12af12a196a\")>\n\n    @pytest.mark.registration_test(scope='function', autouse=True)\n    def test_registration_form(self, browser):\n        page = RegistrationPage(browser, 'https://www.demoblaze.com/')\n        page.open_page()\n        page.registration_new_user()\n>       page.is_alert_message_present(RegistrationData.sing_up_successful_message)\n\ntests\\test_registration.py:16: \n_ _ _ _ _ _ _ _ _ _ _ _ _ _ _ _ _ _ _ _ _ _ _ _ _ _ _ _ _ _ _ _ _ _ _ _ _ _ _ _ _ _ _ _ _ _ _ _ _ _ _ _ _ _ _ _ _ _ _ _ _ _ _ _ _ _ _ _ _ _ _ _ _ _ _ _ _ _ _ _ _ _ _ _ _ _ _ _ _ _ _ _ _ _ _ _ _ _ _ _ _ _ _ _ _ _ _ _ _ _ _ _ _ _ \n\nself = <pages.registration_page.RegistrationPage object at 0x000002358A7BF4C0>, allert_message = 'Sign up successful.'\n\n    def is_alert_message_present(self, allert_message):\n        '''Функция проверки появления алерта с соответствующим сообщением'''\n        with allure.step('Проверяем, что появился алерт с соответствующим сообщением'):\n    \n            try:\n                WebDriverWait(self.browser, timeout=1).until(EC.alert_is_present(), 'Timed out waiting.')\n                sign_up_alert = self.browser.switch_to.alert\n>               assert sign_up_alert.text == allert_message, 'The message in the alert box does not match the expected'\nE               AssertionError: The message in the alert box does not match the expected\n\npages\\base_page.py:41: AssertionError","steps":[{"name":"Открываем главную страницу","time":{"start":1689791841038,"stop":1689791841956,"duration":918},"status":"passed","steps":[],"attachments":[],"parameters":[],"stepsCount":0,"attachmentsCount":0,"shouldDisplayMessage":false,"hasContent":false},{"name":"Нажаимаем на кнопку регистрации                          нового пользователя в navbar.","time":{"start":1689791841956,"stop":1689791841987,"duration":31},"status":"passed","steps":[],"attachments":[],"parameters":[],"stepsCount":0,"attachmentsCount":0,"shouldDisplayMessage":false,"hasContent":false},{"name":"Заполняем поля username и password.","time":{"start":1689791841987,"stop":1689791842287,"duration":300},"status":"passed","steps":[],"attachments":[],"parameters":[],"stepsCount":0,"attachmentsCount":0,"shouldDisplayMessage":false,"hasContent":false},{"name":"Нажимаем на кнопку регистрации                          нового пользователя в модальном окне регистрации.","time":{"start":1689791842287,"stop":1689791842311,"duration":24},"status":"passed","steps":[],"attachments":[],"parameters":[],"stepsCount":0,"attachmentsCount":0,"shouldDisplayMessage":false,"hasContent":false},{"name":"Проверяем, что появился алерт с соответствующим сообщением","time":{"start":1689791842311,"stop":1689791842816,"duration":505},"status":"failed","statusMessage":"AssertionError: The message in the alert box does not match the expected\n","statusTrace":"  File \"C:\\dev\\UI-test-automation\\pages\\base_page.py\", line 41, in is_alert_message_present\n    assert sign_up_alert.text == allert_message, 'The message in the alert box does not match the expected'\n","steps":[],"attachments":[],"parameters":[],"stepsCount":0,"attachmentsCount":0,"shouldDisplayMessage":true,"hasContent":true}],"attachments":[],"parameters":[],"stepsCount":5,"attachmentsCount":0,"shouldDisplayMessage":true,"hasContent":true},"afterStages":[{"name":"browser::0","time":{"start":1689791842884,"stop":1689791844917,"duration":2033},"status":"passed","steps":[],"attachments":[],"parameters":[],"stepsCount":0,"attachmentsCount":0,"shouldDisplayMessage":false,"hasContent":false}],"labels":[{"name":"tag","value":"registration_test(scope='function', autouse=True)"},{"name":"parentSuite","value":"tests"},{"name":"suite","value":"test_registration"},{"name":"subSuite","value":"TestRegistrationForm"},{"name":"host","value":"DESKTOP-QIGAR15"},{"name":"thread","value":"16860-MainThread"},{"name":"framework","value":"pytest"},{"name":"language","value":"cpython3"},{"name":"package","value":"tests.test_registration"},{"name":"resultFormat","value":"allure2"}],"parameters":[],"links":[],"hidden":false,"retry":false,"extra":{"severity":"normal","retries":[{"uid":"bb92664c97f2655c","status":"passed","time":{"start":1689791800270,"stop":1689791801755,"duration":1485}},{"uid":"9c2c2394eed7d7ec","status":"broken","statusDetails":"selenium.common.exceptions.UnexpectedAlertPresentException: Alert Text: Sign up successful.\nMessage: unexpected alert open: {Alert text : Sign up successful.}\n  (Session info: headless chrome=114.0.5735.199)\nStacktrace:\nBacktrace:\n\tGetHandleVerifier [0x00D2A813+48355]\n\t(No symbol) [0x00CBC4B1]\n\t(No symbol) [0x00BC5358]\n\t(No symbol) [0x00C1CDAD]\n\t(No symbol) [0x00C0A536]\n\t(No symbol) [0x00BE82DC]\n\t(No symbol) [0x00BE93DD]\n\tGetHandleVerifier [0x00F8AABD+2539405]\n\tGetHandleVerifier [0x00FCA78F+2800735]\n\tGetHandleVerifier [0x00FC456C+2775612]\n\tGetHandleVerifier [0x00DB51E0+616112]\n\t(No symbol) [0x00CC5F8C]\n\t(No symbol) [0x00CC2328]\n\t(No symbol) [0x00CC240B]\n\t(No symbol) [0x00CB4FF7]\n\tBaseThreadInitThunk [0x779500C9+25]\n\tRtlGetAppContainerNamedObjectPath [0x77E57B1E+286]\n\tRtlGetAppContainerNamedObjectPath [0x77E57AEE+238]","time":{"start":1689791331682,"stop":1689791333450,"duration":1768}},{"uid":"c88e2ca6ae2e3a0b","status":"passed","time":{"start":1689791248602,"stop":1689791250101,"duration":1499}},{"uid":"d06d1b96f2ebc403","status":"passed","time":{"start":1689791056923,"stop":1689791058456,"duration":1533}},{"uid":"320bb072c53d26b6","status":"broken","statusDetails":"selenium.common.exceptions.UnexpectedAlertPresentException: Alert Text: Sign up successful.\nMessage: unexpected alert open: {Alert text : Sign up successful.}\n  (Session info: headless chrome=114.0.5735.199)\nStacktrace:\nBacktrace:\n\tGetHandleVerifier [0x00D2A813+48355]\n\t(No symbol) [0x00CBC4B1]\n\t(No symbol) [0x00BC5358]\n\t(No symbol) [0x00C1CDAD]\n\t(No symbol) [0x00C0A536]\n\t(No symbol) [0x00BE82DC]\n\t(No symbol) [0x00BE93DD]\n\tGetHandleVerifier [0x00F8AABD+2539405]\n\tGetHandleVerifier [0x00FCA78F+2800735]\n\tGetHandleVerifier [0x00FC456C+2775612]\n\tGetHandleVerifier [0x00DB51E0+616112]\n\t(No symbol) [0x00CC5F8C]\n\t(No symbol) [0x00CC2328]\n\t(No symbol) [0x00CC240B]\n\t(No symbol) [0x00CB4FF7]\n\tBaseThreadInitThunk [0x779500C9+25]\n\tRtlGetAppContainerNamedObjectPath [0x77E57B1E+286]\n\tRtlGetAppContainerNamedObjectPath [0x77E57AEE+238]","time":{"start":1689790751772,"stop":1689790754136,"duration":2364}},{"uid":"769703f6e07b91a3","status":"broken","statusDetails":"selenium.common.exceptions.UnexpectedAlertPresentException: Alert Text: Sign up successful.\nMessage: unexpected alert open: {Alert text : Sign up successful.}\n  (Session info: headless chrome=114.0.5735.199)\nStacktrace:\nBacktrace:\n\tGetHandleVerifier [0x00D2A813+48355]\n\t(No symbol) [0x00CBC4B1]\n\t(No symbol) [0x00BC5358]\n\t(No symbol) [0x00C1CDAD]\n\t(No symbol) [0x00C0A536]\n\t(No symbol) [0x00BE82DC]\n\t(No symbol) [0x00BE93DD]\n\tGetHandleVerifier [0x00F8AABD+2539405]\n\tGetHandleVerifier [0x00FCA78F+2800735]\n\tGetHandleVerifier [0x00FC456C+2775612]\n\tGetHandleVerifier [0x00DB51E0+616112]\n\t(No symbol) [0x00CC5F8C]\n\t(No symbol) [0x00CC2328]\n\t(No symbol) [0x00CC240B]\n\t(No symbol) [0x00CB4FF7]\n\tBaseThreadInitThunk [0x779500C9+25]\n\tRtlGetAppContainerNamedObjectPath [0x77E57B1E+286]\n\tRtlGetAppContainerNamedObjectPath [0x77E57AEE+238]","time":{"start":1689790713067,"stop":1689790714986,"duration":1919}},{"uid":"8937e841a87c3b4d","status":"broken","statusDetails":"selenium.common.exceptions.UnexpectedAlertPresentException: Alert Text: Sign up successful.\nMessage: unexpected alert open: {Alert text : Sign up successful.}\n  (Session info: headless chrome=114.0.5735.199)\nStacktrace:\nBacktrace:\n\tGetHandleVerifier [0x00D2A813+48355]\n\t(No symbol) [0x00CBC4B1]\n\t(No symbol) [0x00BC5358]\n\t(No symbol) [0x00C1CDAD]\n\t(No symbol) [0x00C0A536]\n\t(No symbol) [0x00BE82DC]\n\t(No symbol) [0x00BE93DD]\n\tGetHandleVerifier [0x00F8AABD+2539405]\n\tGetHandleVerifier [0x00FCA78F+2800735]\n\tGetHandleVerifier [0x00FC456C+2775612]\n\tGetHandleVerifier [0x00DB51E0+616112]\n\t(No symbol) [0x00CC5F8C]\n\t(No symbol) [0x00CC2328]\n\t(No symbol) [0x00CC240B]\n\t(No symbol) [0x00CB4FF7]\n\tBaseThreadInitThunk [0x779500C9+25]\n\tRtlGetAppContainerNamedObjectPath [0x77E57B1E+286]\n\tRtlGetAppContainerNamedObjectPath [0x77E57AEE+238]","time":{"start":1689790445314,"stop":1689790449349,"duration":4035}},{"uid":"90068b9a3d60af38","status":"passed","time":{"start":1689677407901,"stop":1689677409816,"duration":1915}}],"categories":[{"name":"Product defects","matchedStatuses":[],"flaky":false}],"history":{"statistic":{"failed":2,"broken":4,"skipped":0,"passed":4,"unknown":0,"total":10},"items":[{"uid":"d002e248cb91e6d0","reportUrl":"https://IlyaYaP.github.io/UI-test-automation/9//#testresult/d002e248cb91e6d0","status":"failed","statusDetails":"AssertionError: The message in the alert box does not match the expected","time":{"start":1689794743512,"stop":1689794745834,"duration":2322}},{"uid":"f4f79a2de4419c23","reportUrl":"https://IlyaYaP.github.io/UI-test-automation/8//#testresult/f4f79a2de4419c23","status":"passed","time":{"start":1689790057926,"stop":1689790059054,"duration":1128}},{"uid":"5ef422e2f0bb69","reportUrl":"https://IlyaYaP.github.io/UI-test-automation/7//#testresult/5ef422e2f0bb69","status":"broken","statusDetails":"selenium.common.exceptions.WebDriverException: Message: unknown error: Chrome failed to start: exited abnormally.\n  (unknown error: DevToolsActivePort file doesn't exist)\n  (The process started from chrome location /usr/bin/google-chrome is no longer running, so ChromeDriver is assuming that Chrome has crashed.)\nStacktrace:\n#0 0x5646ff1b94e3 <unknown>\n#1 0x5646feee8c76 <unknown>\n#2 0x5646fef11d78 <unknown>\n#3 0x5646fef0e029 <unknown>\n#4 0x5646fef4cccc <unknown>\n#5 0x5646fef4c47f <unknown>\n#6 0x5646fef43de3 <unknown>\n#7 0x5646fef192dd <unknown>\n#8 0x5646fef1a34e <unknown>\n#9 0x5646ff1793e4 <unknown>\n#10 0x5646ff17d3d7 <unknown>\n#11 0x5646ff187b20 <unknown>\n#12 0x5646ff17e023 <unknown>\n#13 0x5646ff14c1aa <unknown>\n#14 0x5646ff1a26b8 <unknown>\n#15 0x5646ff1a2847 <unknown>\n#16 0x5646ff1b2243 <unknown>\n#17 0x7efc5221fb43 <unknown>","time":{"start":1689710315006,"stop":1689710315006,"duration":0}},{"uid":"f4fb6535ca224152","reportUrl":"https://IlyaYaP.github.io/UI-test-automation/6//#testresult/f4fb6535ca224152","status":"broken","statusDetails":"selenium.common.exceptions.WebDriverException: Message: unknown error: Chrome failed to start: exited abnormally.\n  (unknown error: DevToolsActivePort file doesn't exist)\n  (The process started from chrome location /usr/bin/google-chrome is no longer running, so ChromeDriver is assuming that Chrome has crashed.)\nStacktrace:\n#0 0x55fcfda0f4e3 <unknown>\n#1 0x55fcfd73ec76 <unknown>\n#2 0x55fcfd767d78 <unknown>\n#3 0x55fcfd764029 <unknown>\n#4 0x55fcfd7a2ccc <unknown>\n#5 0x55fcfd7a247f <unknown>\n#6 0x55fcfd799de3 <unknown>\n#7 0x55fcfd76f2dd <unknown>\n#8 0x55fcfd77034e <unknown>\n#9 0x55fcfd9cf3e4 <unknown>\n#10 0x55fcfd9d33d7 <unknown>\n#11 0x55fcfd9ddb20 <unknown>\n#12 0x55fcfd9d4023 <unknown>\n#13 0x55fcfd9a21aa <unknown>\n#14 0x55fcfd9f86b8 <unknown>\n#15 0x55fcfd9f8847 <unknown>\n#16 0x55fcfda08243 <unknown>\n#17 0x7ff9907ffb43 <unknown>","time":{"start":1689707519575,"stop":1689707519575,"duration":0}},{"uid":"ad44e57c9b22356c","reportUrl":"https://IlyaYaP.github.io/UI-test-automation/5//#testresult/ad44e57c9b22356c","status":"passed","time":{"start":1689703194153,"stop":1689703195083,"duration":930}},{"uid":"1d9c226c7aafb1b","reportUrl":"https://IlyaYaP.github.io/UI-test-automation/4//#testresult/1d9c226c7aafb1b","status":"broken","statusDetails":"selenium.common.exceptions.WebDriverException: Message: unknown error: Chrome failed to start: exited abnormally.\n  (unknown error: DevToolsActivePort file doesn't exist)\n  (The process started from chrome location /usr/bin/google-chrome is no longer running, so ChromeDriver is assuming that Chrome has crashed.)\nStacktrace:\n#0 0x5611e96ac4e3 <unknown>\n#1 0x5611e93dbc76 <unknown>\n#2 0x5611e9404d78 <unknown>\n#3 0x5611e9401029 <unknown>\n#4 0x5611e943fccc <unknown>\n#5 0x5611e943f47f <unknown>\n#6 0x5611e9436de3 <unknown>\n#7 0x5611e940c2dd <unknown>\n#8 0x5611e940d34e <unknown>\n#9 0x5611e966c3e4 <unknown>\n#10 0x5611e96703d7 <unknown>\n#11 0x5611e967ab20 <unknown>\n#12 0x5611e9671023 <unknown>\n#13 0x5611e963f1aa <unknown>\n#14 0x5611e96956b8 <unknown>\n#15 0x5611e9695847 <unknown>\n#16 0x5611e96a5243 <unknown>\n#17 0x7f8dbedfab43 <unknown>","time":{"start":1689703051935,"stop":1689703051935,"duration":0}},{"uid":"97400d79ca2efb15","reportUrl":"https://IlyaYaP.github.io/UI-test-automation/3//#testresult/97400d79ca2efb15","status":"passed","time":{"start":1689677407901,"stop":1689677409816,"duration":1915}},{"uid":"b34a34496d9e947e","reportUrl":"https://IlyaYaP.github.io/UI-test-automation/2//#testresult/b34a34496d9e947e","status":"broken","statusDetails":"selenium.common.exceptions.WebDriverException: Message: unknown error: Chrome failed to start: exited abnormally.\n  (unknown error: DevToolsActivePort file doesn't exist)\n  (The process started from chrome location /usr/bin/google-chrome is no longer running, so ChromeDriver is assuming that Chrome has crashed.)\nStacktrace:\n#0 0x5601d9d054e3 <unknown>\n#1 0x5601d9a34c76 <unknown>\n#2 0x5601d9a5dd78 <unknown>\n#3 0x5601d9a5a029 <unknown>\n#4 0x5601d9a98ccc <unknown>\n#5 0x5601d9a9847f <unknown>\n#6 0x5601d9a8fde3 <unknown>\n#7 0x5601d9a652dd <unknown>\n#8 0x5601d9a6634e <unknown>\n#9 0x5601d9cc53e4 <unknown>\n#10 0x5601d9cc93d7 <unknown>\n#11 0x5601d9cd3b20 <unknown>\n#12 0x5601d9cca023 <unknown>\n#13 0x5601d9c981aa <unknown>\n#14 0x5601d9cee6b8 <unknown>\n#15 0x5601d9cee847 <unknown>\n#16 0x5601d9cfe243 <unknown>\n#17 0x7fde49657b43 <unknown>","time":{"start":1689691030139,"stop":1689691030139,"duration":0}},{"uid":"ba745d0dcae4cfb8","reportUrl":"https://IlyaYaP.github.io/UI-test-automation/1//#testresult/ba745d0dcae4cfb8","status":"passed","time":{"start":1689684982068,"stop":1689684983913,"duration":1845}}]},"tags":["registration_test(scope='function', autouse=True)"]},"source":"87d58812a24f4cc0.json","parameterValues":[]}