{"uid":"a700ef4387ead110","name":"test_registration_form","fullName":"tests.test_registration.TestRegistrationForm#test_registration_form","historyId":"7c62ead2c384f2f63a2e5d8cf54b42d8","time":{"start":1689791841037,"stop":1689791842816,"duration":1779},"status":"failed","statusMessage":"AssertionError: The message in the alert box does not match the expected","statusTrace":"self = <tests.test_registration.TestRegistrationForm object at 0x000002358A7BF340>, browser = <selenium.webdriver.chrome.webdriver.WebDriver (session=\"a7fe4256cedaaa947d33a12af12a196a\")>\n\n    @pytest.mark.registration_test(scope='function', autouse=True)\n    def test_registration_form(self, browser):\n        page = RegistrationPage(browser, 'https://www.demoblaze.com/')\n        page.open_page()\n        page.registration_new_user()\n>       page.is_alert_message_present(RegistrationData.sing_up_successful_message)\n\ntests\\test_registration.py:16: \n_ _ _ _ _ _ _ _ _ _ _ _ _ _ _ _ _ _ _ _ _ _ _ _ _ _ _ _ _ _ _ _ _ _ _ _ _ _ _ _ _ _ _ _ _ _ _ _ _ _ _ _ _ _ _ _ _ _ _ _ _ _ _ _ _ _ _ _ _ _ _ _ _ _ _ _ _ _ _ _ _ _ _ _ _ _ _ _ _ _ _ _ _ _ _ _ _ _ _ _ _ _ _ _ _ _ _ _ _ _ _ _ _ _ \n\nself = <pages.registration_page.RegistrationPage object at 0x000002358A7BF4C0>, allert_message = 'Sign up successful.'\n\n    def is_alert_message_present(self, allert_message):\n        '''Функция проверки появления алерта с соответствующим сообщением'''\n        with allure.step('Проверяем, что появился алерт с соответствующим сообщением'):\n    \n            try:\n                WebDriverWait(self.browser, timeout=1).until(EC.alert_is_present(), 'Timed out waiting.')\n                sign_up_alert = self.browser.switch_to.alert\n>               assert sign_up_alert.text == allert_message, 'The message in the alert box does not match the expected'\nE               AssertionError: The message in the alert box does not match the expected\n\npages\\base_page.py:41: AssertionError","flaky":false,"newFailed":false,"newBroken":false,"newPassed":false,"retriesCount":0,"retriesStatusChange":false,"beforeStages":[{"name":"_session_faker","time":{"start":1689791839686,"stop":1689791839721,"duration":35},"status":"passed","steps":[],"attachments":[],"parameters":[],"stepsCount":0,"attachmentsCount":0,"shouldDisplayMessage":false,"hasContent":false},{"name":"browser","time":{"start":1689791839721,"stop":1689791841037,"duration":1316},"status":"passed","steps":[],"attachments":[],"parameters":[],"stepsCount":0,"attachmentsCount":0,"shouldDisplayMessage":false,"hasContent":false}],"testStage":{"status":"failed","statusMessage":"AssertionError: The message in the alert box does not match the expected","statusTrace":"self = <tests.test_registration.TestRegistrationForm object at 0x000002358A7BF340>, browser = <selenium.webdriver.chrome.webdriver.WebDriver (session=\"a7fe4256cedaaa947d33a12af12a196a\")>\n\n    @pytest.mark.registration_test(scope='function', autouse=True)\n    def test_registration_form(self, browser):\n        page = RegistrationPage(browser, 'https://www.demoblaze.com/')\n        page.open_page()\n        page.registration_new_user()\n>       page.is_alert_message_present(RegistrationData.sing_up_successful_message)\n\ntests\\test_registration.py:16: \n_ _ _ _ _ _ _ _ _ _ _ _ _ _ _ _ _ _ _ _ _ _ _ _ _ _ _ _ _ _ _ _ _ _ _ _ _ _ _ _ _ _ _ _ _ _ _ _ _ _ _ _ _ _ _ _ _ _ _ _ _ _ _ _ _ _ _ _ _ _ _ _ _ _ _ _ _ _ _ _ _ _ _ _ _ _ _ _ _ _ _ _ _ _ _ _ _ _ _ _ _ _ _ _ _ _ _ _ _ _ _ _ _ _ \n\nself = <pages.registration_page.RegistrationPage object at 0x000002358A7BF4C0>, allert_message = 'Sign up successful.'\n\n    def is_alert_message_present(self, allert_message):\n        '''Функция проверки появления алерта с соответствующим сообщением'''\n        with allure.step('Проверяем, что появился алерт с соответствующим сообщением'):\n    \n            try:\n                WebDriverWait(self.browser, timeout=1).until(EC.alert_is_present(), 'Timed out waiting.')\n                sign_up_alert = self.browser.switch_to.alert\n>               assert sign_up_alert.text == allert_message, 'The message in the alert box does not match the expected'\nE               AssertionError: The message in the alert box does not match the expected\n\npages\\base_page.py:41: AssertionError","steps":[{"name":"Открываем главную страницу","time":{"start":1689791841038,"stop":1689791841956,"duration":918},"status":"passed","steps":[],"attachments":[],"parameters":[],"stepsCount":0,"attachmentsCount":0,"shouldDisplayMessage":false,"hasContent":false},{"name":"Нажаимаем на кнопку регистрации                          нового пользователя в navbar.","time":{"start":1689791841956,"stop":1689791841987,"duration":31},"status":"passed","steps":[],"attachments":[],"parameters":[],"stepsCount":0,"attachmentsCount":0,"shouldDisplayMessage":false,"hasContent":false},{"name":"Заполняем поля username и password.","time":{"start":1689791841987,"stop":1689791842287,"duration":300},"status":"passed","steps":[],"attachments":[],"parameters":[],"stepsCount":0,"attachmentsCount":0,"shouldDisplayMessage":false,"hasContent":false},{"name":"Нажимаем на кнопку регистрации                          нового пользователя в модальном окне регистрации.","time":{"start":1689791842287,"stop":1689791842311,"duration":24},"status":"passed","steps":[],"attachments":[],"parameters":[],"stepsCount":0,"attachmentsCount":0,"shouldDisplayMessage":false,"hasContent":false},{"name":"Проверяем, что появился алерт с соответствующим сообщением","time":{"start":1689791842311,"stop":1689791842816,"duration":505},"status":"failed","statusMessage":"AssertionError: The message in the alert box does not match the expected\n","statusTrace":"  File \"C:\\dev\\UI-test-automation\\pages\\base_page.py\", line 41, in is_alert_message_present\n    assert sign_up_alert.text == allert_message, 'The message in the alert box does not match the expected'\n","steps":[],"attachments":[],"parameters":[],"stepsCount":0,"attachmentsCount":0,"shouldDisplayMessage":true,"hasContent":true}],"attachments":[],"parameters":[],"stepsCount":5,"attachmentsCount":0,"shouldDisplayMessage":true,"hasContent":true},"afterStages":[{"name":"browser::0","time":{"start":1689791842884,"stop":1689791844917,"duration":2033},"status":"passed","steps":[],"attachments":[],"parameters":[],"stepsCount":0,"attachmentsCount":0,"shouldDisplayMessage":false,"hasContent":false}],"labels":[{"name":"tag","value":"registration_test(scope='function', autouse=True)"},{"name":"parentSuite","value":"tests"},{"name":"suite","value":"test_registration"},{"name":"subSuite","value":"TestRegistrationForm"},{"name":"host","value":"DESKTOP-QIGAR15"},{"name":"thread","value":"16860-MainThread"},{"name":"framework","value":"pytest"},{"name":"language","value":"cpython3"},{"name":"package","value":"tests.test_registration"},{"name":"resultFormat","value":"allure2"}],"parameters":[],"links":[],"hidden":true,"retry":true,"extra":{"categories":[],"tags":["registration_test(scope='function', autouse=True)"]},"source":"a700ef4387ead110.json","parameterValues":[]}