{"uid":"d002e248cb91e6d0","name":"test_registration_form","fullName":"tests.test_registration.TestRegistrationForm#test_registration_form","historyId":"7c62ead2c384f2f63a2e5d8cf54b42d8","time":{"start":1689794743512,"stop":1689794745834,"duration":2322},"status":"failed","statusMessage":"AssertionError: The message in the alert box does not match the expected","statusTrace":"E   AssertionError: The message in the alert box does not match the expected","flaky":false,"newFailed":true,"newBroken":false,"newPassed":false,"retriesCount":9,"retriesStatusChange":true,"beforeStages":[{"name":"_session_faker","time":{"start":1689794737136,"stop":1689794737155,"duration":19},"status":"passed","steps":[],"attachments":[],"parameters":[],"stepsCount":0,"attachmentsCount":0,"shouldDisplayMessage":false,"hasContent":false},{"name":"browser","time":{"start":1689794737155,"stop":1689794743511,"duration":6356},"status":"passed","steps":[],"attachments":[],"parameters":[],"stepsCount":0,"attachmentsCount":0,"shouldDisplayMessage":false,"hasContent":false}],"testStage":{"status":"failed","statusMessage":"AssertionError: The message in the alert box does not match the expected","statusTrace":"E   AssertionError: The message in the alert box does not match the expected","steps":[{"name":"Открываем главную страницу","time":{"start":1689794743513,"stop":1689794744499,"duration":986},"status":"passed","steps":[],"attachments":[],"parameters":[],"stepsCount":0,"attachmentsCount":0,"shouldDisplayMessage":false,"hasContent":false},{"name":"Нажаимаем на кнопку регистрации                          нового пользователя в navbar.","time":{"start":1689794744500,"stop":1689794744847,"duration":347},"status":"passed","steps":[],"attachments":[],"parameters":[],"stepsCount":0,"attachmentsCount":0,"shouldDisplayMessage":false,"hasContent":false},{"name":"Заполняем поля username и password.","time":{"start":1689794744847,"stop":1689794745237,"duration":390},"status":"passed","steps":[],"attachments":[],"parameters":[],"stepsCount":0,"attachmentsCount":0,"shouldDisplayMessage":false,"hasContent":false},{"name":"Нажимаем на кнопку регистрации                          нового пользователя в модальном окне регистрации.","time":{"start":1689794745237,"stop":1689794745315,"duration":78},"status":"passed","steps":[],"attachments":[],"parameters":[],"stepsCount":0,"attachmentsCount":0,"shouldDisplayMessage":false,"hasContent":false},{"name":"Проверяем, что появился алерт с соответствующим сообщением","time":{"start":1689794745315,"stop":1689794745834,"duration":519},"status":"failed","statusMessage":"AssertionError: The message in the alert box does not match the expected\n","statusTrace":"  File \"/home/runner/work/UI-test-automation/UI-test-automation/pages/base_page.py\", line 33, in is_alert_message_present\n    assert sign_up_alert.text == allert_message, 'The message in the alert box does not match the expected'\n","steps":[],"attachments":[],"parameters":[],"stepsCount":0,"attachmentsCount":0,"shouldDisplayMessage":true,"hasContent":true}],"attachments":[],"parameters":[],"stepsCount":5,"attachmentsCount":0,"shouldDisplayMessage":true,"hasContent":true},"afterStages":[{"name":"browser::0","time":{"start":1689794745836,"stop":1689794745892,"duration":56},"status":"passed","steps":[],"attachments":[],"parameters":[],"stepsCount":0,"attachmentsCount":0,"shouldDisplayMessage":false,"hasContent":false}],"labels":[{"name":"tag","value":"registration_test(scope='function', autouse=True)"},{"name":"parentSuite","value":"tests"},{"name":"suite","value":"test_registration"},{"name":"subSuite","value":"TestRegistrationForm"},{"name":"host","value":"fv-az419-192"},{"name":"thread","value":"2335-MainThread"},{"name":"framework","value":"pytest"},{"name":"language","value":"cpython3"},{"name":"package","value":"tests.test_registration"},{"name":"resultFormat","value":"allure2"}],"parameters":[],"links":[],"hidden":false,"retry":false,"extra":{"severity":"normal","retries":[{"uid":"a700ef4387ead110","status":"failed","statusDetails":"AssertionError: The message in the alert box does not match the expected","time":{"start":1689791841037,"stop":1689791842816,"duration":1779}},{"uid":"a87cd13e291355bd","status":"passed","time":{"start":1689791800270,"stop":1689791801755,"duration":1485}},{"uid":"2157247a88eed2e9","status":"broken","statusDetails":"selenium.common.exceptions.UnexpectedAlertPresentException: Alert Text: Sign up successful.\nMessage: unexpected alert open: {Alert text : Sign up successful.}\n  (Session info: headless chrome=114.0.5735.199)\nStacktrace:\nBacktrace:\n\tGetHandleVerifier [0x00D2A813+48355]\n\t(No symbol) [0x00CBC4B1]\n\t(No symbol) [0x00BC5358]\n\t(No symbol) [0x00C1CDAD]\n\t(No symbol) [0x00C0A536]\n\t(No symbol) [0x00BE82DC]\n\t(No symbol) [0x00BE93DD]\n\tGetHandleVerifier [0x00F8AABD+2539405]\n\tGetHandleVerifier [0x00FCA78F+2800735]\n\tGetHandleVerifier [0x00FC456C+2775612]\n\tGetHandleVerifier [0x00DB51E0+616112]\n\t(No symbol) [0x00CC5F8C]\n\t(No symbol) [0x00CC2328]\n\t(No symbol) [0x00CC240B]\n\t(No symbol) [0x00CB4FF7]\n\tBaseThreadInitThunk [0x779500C9+25]\n\tRtlGetAppContainerNamedObjectPath [0x77E57B1E+286]\n\tRtlGetAppContainerNamedObjectPath [0x77E57AEE+238]","time":{"start":1689791331682,"stop":1689791333450,"duration":1768}},{"uid":"676262843a33124d","status":"passed","time":{"start":1689791248602,"stop":1689791250101,"duration":1499}},{"uid":"75e64894c94bcfd4","status":"passed","time":{"start":1689791056923,"stop":1689791058456,"duration":1533}},{"uid":"94b2815d290fc459","status":"broken","statusDetails":"selenium.common.exceptions.UnexpectedAlertPresentException: Alert Text: Sign up successful.\nMessage: unexpected alert open: {Alert text : Sign up successful.}\n  (Session info: headless chrome=114.0.5735.199)\nStacktrace:\nBacktrace:\n\tGetHandleVerifier [0x00D2A813+48355]\n\t(No symbol) [0x00CBC4B1]\n\t(No symbol) [0x00BC5358]\n\t(No symbol) [0x00C1CDAD]\n\t(No symbol) [0x00C0A536]\n\t(No symbol) [0x00BE82DC]\n\t(No symbol) [0x00BE93DD]\n\tGetHandleVerifier [0x00F8AABD+2539405]\n\tGetHandleVerifier [0x00FCA78F+2800735]\n\tGetHandleVerifier [0x00FC456C+2775612]\n\tGetHandleVerifier [0x00DB51E0+616112]\n\t(No symbol) [0x00CC5F8C]\n\t(No symbol) [0x00CC2328]\n\t(No symbol) [0x00CC240B]\n\t(No symbol) [0x00CB4FF7]\n\tBaseThreadInitThunk [0x779500C9+25]\n\tRtlGetAppContainerNamedObjectPath [0x77E57B1E+286]\n\tRtlGetAppContainerNamedObjectPath [0x77E57AEE+238]","time":{"start":1689790751772,"stop":1689790754136,"duration":2364}},{"uid":"aea3bb610b8e0a45","status":"broken","statusDetails":"selenium.common.exceptions.UnexpectedAlertPresentException: Alert Text: Sign up successful.\nMessage: unexpected alert open: {Alert text : Sign up successful.}\n  (Session info: headless chrome=114.0.5735.199)\nStacktrace:\nBacktrace:\n\tGetHandleVerifier [0x00D2A813+48355]\n\t(No symbol) [0x00CBC4B1]\n\t(No symbol) [0x00BC5358]\n\t(No symbol) [0x00C1CDAD]\n\t(No symbol) [0x00C0A536]\n\t(No symbol) [0x00BE82DC]\n\t(No symbol) [0x00BE93DD]\n\tGetHandleVerifier [0x00F8AABD+2539405]\n\tGetHandleVerifier [0x00FCA78F+2800735]\n\tGetHandleVerifier [0x00FC456C+2775612]\n\tGetHandleVerifier [0x00DB51E0+616112]\n\t(No symbol) [0x00CC5F8C]\n\t(No symbol) [0x00CC2328]\n\t(No symbol) [0x00CC240B]\n\t(No symbol) [0x00CB4FF7]\n\tBaseThreadInitThunk [0x779500C9+25]\n\tRtlGetAppContainerNamedObjectPath [0x77E57B1E+286]\n\tRtlGetAppContainerNamedObjectPath [0x77E57AEE+238]","time":{"start":1689790713067,"stop":1689790714986,"duration":1919}},{"uid":"d785aff6d7a478b1","status":"broken","statusDetails":"selenium.common.exceptions.UnexpectedAlertPresentException: Alert Text: Sign up successful.\nMessage: unexpected alert open: {Alert text : Sign up successful.}\n  (Session info: headless chrome=114.0.5735.199)\nStacktrace:\nBacktrace:\n\tGetHandleVerifier [0x00D2A813+48355]\n\t(No symbol) [0x00CBC4B1]\n\t(No symbol) [0x00BC5358]\n\t(No symbol) [0x00C1CDAD]\n\t(No symbol) [0x00C0A536]\n\t(No symbol) [0x00BE82DC]\n\t(No symbol) [0x00BE93DD]\n\tGetHandleVerifier [0x00F8AABD+2539405]\n\tGetHandleVerifier [0x00FCA78F+2800735]\n\tGetHandleVerifier [0x00FC456C+2775612]\n\tGetHandleVerifier [0x00DB51E0+616112]\n\t(No symbol) [0x00CC5F8C]\n\t(No symbol) [0x00CC2328]\n\t(No symbol) [0x00CC240B]\n\t(No symbol) [0x00CB4FF7]\n\tBaseThreadInitThunk [0x779500C9+25]\n\tRtlGetAppContainerNamedObjectPath [0x77E57B1E+286]\n\tRtlGetAppContainerNamedObjectPath [0x77E57AEE+238]","time":{"start":1689790445314,"stop":1689790449349,"duration":4035}},{"uid":"3b07a82ba3947b3","status":"passed","time":{"start":1689677407901,"stop":1689677409816,"duration":1915}}],"categories":[{"name":"Product defects","matchedStatuses":[],"flaky":false}],"history":{"statistic":{"failed":1,"broken":4,"skipped":0,"passed":4,"unknown":0,"total":9},"items":[{"uid":"f4f79a2de4419c23","reportUrl":"https://IlyaYaP.github.io/UI-test-automation/8//#testresult/f4f79a2de4419c23","status":"passed","time":{"start":1689790057926,"stop":1689790059054,"duration":1128}},{"uid":"5ef422e2f0bb69","reportUrl":"https://IlyaYaP.github.io/UI-test-automation/7//#testresult/5ef422e2f0bb69","status":"broken","statusDetails":"selenium.common.exceptions.WebDriverException: Message: unknown error: Chrome failed to start: exited abnormally.\n  (unknown error: DevToolsActivePort file doesn't exist)\n  (The process started from chrome location /usr/bin/google-chrome is no longer running, so ChromeDriver is assuming that Chrome has crashed.)\nStacktrace:\n#0 0x5646ff1b94e3 <unknown>\n#1 0x5646feee8c76 <unknown>\n#2 0x5646fef11d78 <unknown>\n#3 0x5646fef0e029 <unknown>\n#4 0x5646fef4cccc <unknown>\n#5 0x5646fef4c47f <unknown>\n#6 0x5646fef43de3 <unknown>\n#7 0x5646fef192dd <unknown>\n#8 0x5646fef1a34e <unknown>\n#9 0x5646ff1793e4 <unknown>\n#10 0x5646ff17d3d7 <unknown>\n#11 0x5646ff187b20 <unknown>\n#12 0x5646ff17e023 <unknown>\n#13 0x5646ff14c1aa <unknown>\n#14 0x5646ff1a26b8 <unknown>\n#15 0x5646ff1a2847 <unknown>\n#16 0x5646ff1b2243 <unknown>\n#17 0x7efc5221fb43 <unknown>","time":{"start":1689710315006,"stop":1689710315006,"duration":0}},{"uid":"f4fb6535ca224152","reportUrl":"https://IlyaYaP.github.io/UI-test-automation/6//#testresult/f4fb6535ca224152","status":"broken","statusDetails":"selenium.common.exceptions.WebDriverException: Message: unknown error: Chrome failed to start: exited abnormally.\n  (unknown error: DevToolsActivePort file doesn't exist)\n  (The process started from chrome location /usr/bin/google-chrome is no longer running, so ChromeDriver is assuming that Chrome has crashed.)\nStacktrace:\n#0 0x55fcfda0f4e3 <unknown>\n#1 0x55fcfd73ec76 <unknown>\n#2 0x55fcfd767d78 <unknown>\n#3 0x55fcfd764029 <unknown>\n#4 0x55fcfd7a2ccc <unknown>\n#5 0x55fcfd7a247f <unknown>\n#6 0x55fcfd799de3 <unknown>\n#7 0x55fcfd76f2dd <unknown>\n#8 0x55fcfd77034e <unknown>\n#9 0x55fcfd9cf3e4 <unknown>\n#10 0x55fcfd9d33d7 <unknown>\n#11 0x55fcfd9ddb20 <unknown>\n#12 0x55fcfd9d4023 <unknown>\n#13 0x55fcfd9a21aa <unknown>\n#14 0x55fcfd9f86b8 <unknown>\n#15 0x55fcfd9f8847 <unknown>\n#16 0x55fcfda08243 <unknown>\n#17 0x7ff9907ffb43 <unknown>","time":{"start":1689707519575,"stop":1689707519575,"duration":0}},{"uid":"ad44e57c9b22356c","reportUrl":"https://IlyaYaP.github.io/UI-test-automation/5//#testresult/ad44e57c9b22356c","status":"passed","time":{"start":1689703194153,"stop":1689703195083,"duration":930}},{"uid":"1d9c226c7aafb1b","reportUrl":"https://IlyaYaP.github.io/UI-test-automation/4//#testresult/1d9c226c7aafb1b","status":"broken","statusDetails":"selenium.common.exceptions.WebDriverException: Message: unknown error: Chrome failed to start: exited abnormally.\n  (unknown error: DevToolsActivePort file doesn't exist)\n  (The process started from chrome location /usr/bin/google-chrome is no longer running, so ChromeDriver is assuming that Chrome has crashed.)\nStacktrace:\n#0 0x5611e96ac4e3 <unknown>\n#1 0x5611e93dbc76 <unknown>\n#2 0x5611e9404d78 <unknown>\n#3 0x5611e9401029 <unknown>\n#4 0x5611e943fccc <unknown>\n#5 0x5611e943f47f <unknown>\n#6 0x5611e9436de3 <unknown>\n#7 0x5611e940c2dd <unknown>\n#8 0x5611e940d34e <unknown>\n#9 0x5611e966c3e4 <unknown>\n#10 0x5611e96703d7 <unknown>\n#11 0x5611e967ab20 <unknown>\n#12 0x5611e9671023 <unknown>\n#13 0x5611e963f1aa <unknown>\n#14 0x5611e96956b8 <unknown>\n#15 0x5611e9695847 <unknown>\n#16 0x5611e96a5243 <unknown>\n#17 0x7f8dbedfab43 <unknown>","time":{"start":1689703051935,"stop":1689703051935,"duration":0}},{"uid":"97400d79ca2efb15","reportUrl":"https://IlyaYaP.github.io/UI-test-automation/3//#testresult/97400d79ca2efb15","status":"passed","time":{"start":1689677407901,"stop":1689677409816,"duration":1915}},{"uid":"b34a34496d9e947e","reportUrl":"https://IlyaYaP.github.io/UI-test-automation/2//#testresult/b34a34496d9e947e","status":"broken","statusDetails":"selenium.common.exceptions.WebDriverException: Message: unknown error: Chrome failed to start: exited abnormally.\n  (unknown error: DevToolsActivePort file doesn't exist)\n  (The process started from chrome location /usr/bin/google-chrome is no longer running, so ChromeDriver is assuming that Chrome has crashed.)\nStacktrace:\n#0 0x5601d9d054e3 <unknown>\n#1 0x5601d9a34c76 <unknown>\n#2 0x5601d9a5dd78 <unknown>\n#3 0x5601d9a5a029 <unknown>\n#4 0x5601d9a98ccc <unknown>\n#5 0x5601d9a9847f <unknown>\n#6 0x5601d9a8fde3 <unknown>\n#7 0x5601d9a652dd <unknown>\n#8 0x5601d9a6634e <unknown>\n#9 0x5601d9cc53e4 <unknown>\n#10 0x5601d9cc93d7 <unknown>\n#11 0x5601d9cd3b20 <unknown>\n#12 0x5601d9cca023 <unknown>\n#13 0x5601d9c981aa <unknown>\n#14 0x5601d9cee6b8 <unknown>\n#15 0x5601d9cee847 <unknown>\n#16 0x5601d9cfe243 <unknown>\n#17 0x7fde49657b43 <unknown>","time":{"start":1689691030139,"stop":1689691030139,"duration":0}},{"uid":"ba745d0dcae4cfb8","reportUrl":"https://IlyaYaP.github.io/UI-test-automation/1//#testresult/ba745d0dcae4cfb8","status":"passed","time":{"start":1689684982068,"stop":1689684983913,"duration":1845}}]},"tags":["registration_test(scope='function', autouse=True)"]},"source":"d002e248cb91e6d0.json","parameterValues":[]}