{"uid":"6870e3c08f70feb5","name":"test_registration_form","fullName":"tests.test_registration_and_login.TestRegistrationAndLoginForm#test_registration_form","historyId":"c517ef34370fd9b3892a915942e0b91f","time":{"start":1690550715934,"stop":1690550715934,"duration":0},"status":"broken","statusMessage":"selenium.common.exceptions.WebDriverException: Message: unknown error: Chrome failed to start: exited abnormally.\n  (unknown error: DevToolsActivePort file doesn't exist)\n  (The process started from chrome location /usr/bin/google-chrome is no longer running, so ChromeDriver is assuming that Chrome has crashed.)\nStacktrace:\n#0 0x55b77787e783 <unknown>\n#1 0x55b7775aa917 <unknown>\n#2 0x55b7775d5978 <unknown>\n#3 0x55b7775d29c9 <unknown>\n#4 0x55b777612a13 <unknown>\n#5 0x55b77761215f <unknown>\n#6 0x55b777609bd3 <unknown>\n#7 0x55b7775dda7b <unknown>\n#8 0x55b7775de81e <unknown>\n#9 0x55b77783fe98 <unknown>\n#10 0x55b777843d67 <unknown>\n#11 0x55b77784e32c <unknown>\n#12 0x55b777844993 <unknown>\n#13 0x55b777813827 <unknown>\n#14 0x55b7778688a8 <unknown>\n#15 0x55b777868a36 <unknown>\n#16 0x55b7778775f3 <unknown>\n#17 0x7f11857b4b43 <unknown>","statusTrace":"E   selenium.common.exceptions.WebDriverException: Message: unknown error: Chrome failed to start: exited abnormally.\n      (unknown error: DevToolsActivePort file doesn't exist)\n      (The process started from chrome location /usr/bin/google-chrome is no longer running, so ChromeDriver is assuming that Chrome has crashed.)\n    Stacktrace:\n    #0 0x55b77787e783 <unknown>\n    #1 0x55b7775aa917 <unknown>\n    #2 0x55b7775d5978 <unknown>\n    #3 0x55b7775d29c9 <unknown>\n    #4 0x55b777612a13 <unknown>\n    #5 0x55b77761215f <unknown>\n    #6 0x55b777609bd3 <unknown>\n    #7 0x55b7775dda7b <unknown>\n    #8 0x55b7775de81e <unknown>\n    #9 0x55b77783fe98 <unknown>\n    #10 0x55b777843d67 <unknown>\n    #11 0x55b77784e32c <unknown>\n    #12 0x55b777844993 <unknown>\n    #13 0x55b777813827 <unknown>\n    #14 0x55b7778688a8 <unknown>\n    #15 0x55b777868a36 <unknown>\n    #16 0x55b7778775f3 <unknown>\n    #17 0x7f11857b4b43 <unknown>","flaky":false,"newFailed":false,"newBroken":false,"newPassed":false,"retriesCount":0,"retriesStatusChange":false,"beforeStages":[{"name":"_session_faker","time":{"start":1690550714577,"stop":1690550714603,"duration":26},"status":"passed","steps":[],"attachments":[],"parameters":[],"stepsCount":0,"attachmentsCount":0,"shouldDisplayMessage":false,"hasContent":false},{"name":"browser","time":{"start":1690550715935,"stop":1690550716602,"duration":667},"status":"broken","statusMessage":"selenium.common.exceptions.WebDriverException: Message: unknown error: Chrome failed to start: exited abnormally.\n  (unknown error: DevToolsActivePort file doesn't exist)\n  (The process started from chrome location /usr/bin/google-chrome is no longer running, so ChromeDriver is assuming that Chrome has crashed.)\nStacktrace:\n#0 0x55b77787e783 <unknown>\n#1 0x55b7775aa917 <unknown>\n#2 0x55b7775d5978 <unknown>\n#3 0x55b7775d29c9 <unknown>\n#4 0x55b777612a13 <unknown>\n#5 0x55b77761215f <unknown>\n#6 0x55b777609bd3 <unknown>\n#7 0x55b7775dda7b <unknown>\n#8 0x55b7775de81e <unknown>\n#9 0x55b77783fe98 <unknown>\n#10 0x55b777843d67 <unknown>\n#11 0x55b77784e32c <unknown>\n#12 0x55b777844993 <unknown>\n#13 0x55b777813827 <unknown>\n#14 0x55b7778688a8 <unknown>\n#15 0x55b777868a36 <unknown>\n#16 0x55b7778775f3 <unknown>\n#17 0x7f11857b4b43 <unknown>\n\n","statusTrace":"  File \"/opt/hostedtoolcache/Python/3.10.12/x64/lib/python3.10/site-packages/pluggy/_callers.py\", line 80, in _multicall\n    res = hook_impl.function(*args)\n  File \"/opt/hostedtoolcache/Python/3.10.12/x64/lib/python3.10/site-packages/_pytest/fixtures.py\", line 1123, in pytest_fixture_setup\n    result = call_fixture_func(fixturefunc, request, kwargs)\n  File \"/opt/hostedtoolcache/Python/3.10.12/x64/lib/python3.10/site-packages/_pytest/fixtures.py\", line 895, in call_fixture_func\n    fixture_result = next(generator)\n  File \"/home/runner/work/UI-test-automation/UI-test-automation/conftest.py\", line 33, in browser\n    browser = webdriver.Chrome(\n  File \"/opt/hostedtoolcache/Python/3.10.12/x64/lib/python3.10/site-packages/selenium/webdriver/chrome/webdriver.py\", line 49, in __init__\n    super().__init__(\n  File \"/opt/hostedtoolcache/Python/3.10.12/x64/lib/python3.10/site-packages/selenium/webdriver/chromium/webdriver.py\", line 54, in __init__\n    super().__init__(\n  File \"/opt/hostedtoolcache/Python/3.10.12/x64/lib/python3.10/site-packages/selenium/webdriver/remote/webdriver.py\", line 206, in __init__\n    self.start_session(capabilities)\n  File \"/opt/hostedtoolcache/Python/3.10.12/x64/lib/python3.10/site-packages/selenium/webdriver/remote/webdriver.py\", line 291, in start_session\n    response = self.execute(Command.NEW_SESSION, caps)[\"value\"]\n  File \"/opt/hostedtoolcache/Python/3.10.12/x64/lib/python3.10/site-packages/selenium/webdriver/remote/webdriver.py\", line 346, in execute\n    self.error_handler.check_response(response)\n  File \"/opt/hostedtoolcache/Python/3.10.12/x64/lib/python3.10/site-packages/selenium/webdriver/remote/errorhandler.py\", line 245, in check_response\n    raise exception_class(message, screen, stacktrace)\n","steps":[],"attachments":[],"parameters":[],"stepsCount":0,"attachmentsCount":0,"shouldDisplayMessage":true,"hasContent":true}],"afterStages":[],"labels":[{"name":"feature","value":"Тесты регистрации и аутентификации нового пользователя."},{"name":"story","value":"Тест регистрации нового пользователя."},{"name":"tag","value":"registration_form_tests"},{"name":"tag","value":"registration_and_login_tests(scope='class', autouse=True)"},{"name":"parentSuite","value":"tests"},{"name":"suite","value":"test_registration_and_login"},{"name":"subSuite","value":"TestRegistrationAndLoginForm"},{"name":"host","value":"fv-az571-390"},{"name":"thread","value":"2355-MainThread"},{"name":"framework","value":"pytest"},{"name":"language","value":"cpython3"},{"name":"package","value":"tests.test_registration_and_login"},{"name":"resultFormat","value":"allure2"}],"parameters":[],"links":[],"hidden":false,"retry":false,"extra":{"severity":"normal","retries":[],"categories":[{"name":"Test defects","matchedStatuses":[],"flaky":false}],"history":{"statistic":{"failed":0,"broken":8,"skipped":0,"passed":5,"unknown":0,"total":13},"items":[{"uid":"6a4562b7620d4027","reportUrl":"https://IlyaYaP.github.io/UI-test-automation/22//#testresult/6a4562b7620d4027","status":"broken","statusDetails":"selenium.common.exceptions.WebDriverException: Message: unknown error: Chrome failed to start: exited abnormally.\n  (unknown error: DevToolsActivePort file doesn't exist)\n  (The process started from chrome location /usr/bin/google-chrome is no longer running, so ChromeDriver is assuming that Chrome has crashed.)\nStacktrace:\n#0 0x5608b1c68783 <unknown>\n#1 0x5608b1994917 <unknown>\n#2 0x5608b19bf978 <unknown>\n#3 0x5608b19bc9c9 <unknown>\n#4 0x5608b19fca13 <unknown>\n#5 0x5608b19fc15f <unknown>\n#6 0x5608b19f3bd3 <unknown>\n#7 0x5608b19c7a7b <unknown>\n#8 0x5608b19c881e <unknown>\n#9 0x5608b1c29e98 <unknown>\n#10 0x5608b1c2dd67 <unknown>\n#11 0x5608b1c3832c <unknown>\n#12 0x5608b1c2e993 <unknown>\n#13 0x5608b1bfd827 <unknown>\n#14 0x5608b1c528a8 <unknown>\n#15 0x5608b1c52a36 <unknown>\n#16 0x5608b1c615f3 <unknown>\n#17 0x7fe6d6f7cb43 <unknown>","time":{"start":1690549133981,"stop":1690549133981,"duration":0}},{"uid":"98ae800ed1b7751c","reportUrl":"https://IlyaYaP.github.io/UI-test-automation/21//#testresult/98ae800ed1b7751c","status":"broken","statusDetails":"selenium.common.exceptions.WebDriverException: Message: unknown error: Chrome failed to start: exited abnormally.\n  (unknown error: DevToolsActivePort file doesn't exist)\n  (The process started from chrome location /usr/bin/google-chrome is no longer running, so ChromeDriver is assuming that Chrome has crashed.)\nStacktrace:\n#0 0x55f020f15783 <unknown>\n#1 0x55f020c41917 <unknown>\n#2 0x55f020c6c978 <unknown>\n#3 0x55f020c699c9 <unknown>\n#4 0x55f020ca9a13 <unknown>\n#5 0x55f020ca915f <unknown>\n#6 0x55f020ca0bd3 <unknown>\n#7 0x55f020c74a7b <unknown>\n#8 0x55f020c7581e <unknown>\n#9 0x55f020ed6e98 <unknown>\n#10 0x55f020edad67 <unknown>\n#11 0x55f020ee532c <unknown>\n#12 0x55f020edb993 <unknown>\n#13 0x55f020eaa827 <unknown>\n#14 0x55f020eff8a8 <unknown>\n#15 0x55f020effa36 <unknown>\n#16 0x55f020f0e5f3 <unknown>\n#17 0x7fb9bb332b43 <unknown>","time":{"start":1690545972856,"stop":1690545972856,"duration":0}},{"uid":"b93afed245768132","reportUrl":"https://IlyaYaP.github.io/UI-test-automation/20//#testresult/b93afed245768132","status":"passed","time":{"start":1690535267370,"stop":1690535268761,"duration":1391}},{"uid":"d153af4ff3268c8d","reportUrl":"https://IlyaYaP.github.io/UI-test-automation/19//#testresult/d153af4ff3268c8d","status":"broken","statusDetails":"ValueError: There is no such driver by url https://chromedriver.storage.googleapis.com/LATEST_RELEASE_115.0.5790","time":{"start":1690534680188,"stop":1690534680188,"duration":0}},{"uid":"1ce8209d5904522c","reportUrl":"https://IlyaYaP.github.io/UI-test-automation/18//#testresult/1ce8209d5904522c","status":"broken","statusDetails":"ValueError: There is no such driver by url https://chromedriver.storage.googleapis.com/LATEST_RELEASE_115.0.5790","time":{"start":1690534145581,"stop":1690534145581,"duration":0}},{"uid":"41802d0c31ed3733","reportUrl":"https://IlyaYaP.github.io/UI-test-automation/17//#testresult/41802d0c31ed3733","status":"broken","statusDetails":"ValueError: There is no such driver by url https://chromedriver.storage.googleapis.com/LATEST_RELEASE_115.0.5790","time":{"start":1690534006668,"stop":1690534006668,"duration":0}},{"uid":"5d425e2fbf6f6ad3","reportUrl":"https://IlyaYaP.github.io/UI-test-automation/16//#testresult/5d425e2fbf6f6ad3","status":"broken","statusDetails":"ValueError: There is no such driver by url https://chromedriver.storage.googleapis.com/LATEST_RELEASE_115.0.5790","time":{"start":1690364468907,"stop":1690364468907,"duration":0}},{"uid":"1c3b042200d7bf4b","reportUrl":"https://IlyaYaP.github.io/UI-test-automation/15//#testresult/1c3b042200d7bf4b","status":"broken","statusDetails":"selenium.common.exceptions.WebDriverException: Message: unknown error: Chrome failed to start: exited abnormally.\n  (unknown error: DevToolsActivePort file doesn't exist)\n  (The process started from chrome location /usr/bin/google-chrome is no longer running, so ChromeDriver is assuming that Chrome has crashed.)\nStacktrace:\n#0 0x563e45e084e3 <unknown>\n#1 0x563e45b37c76 <unknown>\n#2 0x563e45b60d78 <unknown>\n#3 0x563e45b5d029 <unknown>\n#4 0x563e45b9bccc <unknown>\n#5 0x563e45b9b47f <unknown>\n#6 0x563e45b92de3 <unknown>\n#7 0x563e45b682dd <unknown>\n#8 0x563e45b6934e <unknown>\n#9 0x563e45dc83e4 <unknown>\n#10 0x563e45dcc3d7 <unknown>\n#11 0x563e45dd6b20 <unknown>\n#12 0x563e45dcd023 <unknown>\n#13 0x563e45d9b1aa <unknown>\n#14 0x563e45df16b8 <unknown>\n#15 0x563e45df1847 <unknown>\n#16 0x563e45e01243 <unknown>\n#17 0x7f651c231b43 <unknown>","time":{"start":1690292036666,"stop":1690292036666,"duration":0}},{"uid":"4698bf81faf93987","reportUrl":"https://IlyaYaP.github.io/UI-test-automation/13//#testresult/4698bf81faf93987","status":"passed","time":{"start":1689967873331,"stop":1689967874638,"duration":1307}},{"uid":"369d59c516735674","reportUrl":"https://IlyaYaP.github.io/UI-test-automation/12//#testresult/369d59c516735674","status":"passed","time":{"start":1689882161257,"stop":1689882162973,"duration":1716}},{"uid":"74e4354b84b013e2","reportUrl":"https://IlyaYaP.github.io/UI-test-automation/11//#testresult/74e4354b84b013e2","status":"passed","time":{"start":1689880297358,"stop":1689880299513,"duration":2155}},{"uid":"e085630b01e986","reportUrl":"https://IlyaYaP.github.io/UI-test-automation/10//#testresult/e085630b01e986","status":"passed","time":{"start":1689880218418,"stop":1689880221538,"duration":3120}}]},"tags":["registration_and_login_tests(scope='class', autouse=True)","registration_form_tests"]},"source":"6870e3c08f70feb5.json","parameterValues":[]}