{"uid":"b96a111e44b9d72d","name":"test_contact_message_form","fullName":"tests.test_contact_message.TestContactMessageForm#test_contact_message_form","historyId":"9cb44c63571ee1264f53e4b39609c10a","time":{"start":1690550714575,"stop":1690550714575,"duration":0},"status":"broken","statusMessage":"selenium.common.exceptions.WebDriverException: Message: unknown error: Chrome failed to start: exited abnormally.\n  (unknown error: DevToolsActivePort file doesn't exist)\n  (The process started from chrome location /usr/bin/google-chrome is no longer running, so ChromeDriver is assuming that Chrome has crashed.)\nStacktrace:\n#0 0x558c54d1c783 <unknown>\n#1 0x558c54a48917 <unknown>\n#2 0x558c54a73978 <unknown>\n#3 0x558c54a709c9 <unknown>\n#4 0x558c54ab0a13 <unknown>\n#5 0x558c54ab015f <unknown>\n#6 0x558c54aa7bd3 <unknown>\n#7 0x558c54a7ba7b <unknown>\n#8 0x558c54a7c81e <unknown>\n#9 0x558c54cdde98 <unknown>\n#10 0x558c54ce1d67 <unknown>\n#11 0x558c54cec32c <unknown>\n#12 0x558c54ce2993 <unknown>\n#13 0x558c54cb1827 <unknown>\n#14 0x558c54d068a8 <unknown>\n#15 0x558c54d06a36 <unknown>\n#16 0x558c54d155f3 <unknown>\n#17 0x7f9b6e20ab43 <unknown>","statusTrace":"E   selenium.common.exceptions.WebDriverException: Message: unknown error: Chrome failed to start: exited abnormally.\n      (unknown error: DevToolsActivePort file doesn't exist)\n      (The process started from chrome location /usr/bin/google-chrome is no longer running, so ChromeDriver is assuming that Chrome has crashed.)\n    Stacktrace:\n    #0 0x558c54d1c783 <unknown>\n    #1 0x558c54a48917 <unknown>\n    #2 0x558c54a73978 <unknown>\n    #3 0x558c54a709c9 <unknown>\n    #4 0x558c54ab0a13 <unknown>\n    #5 0x558c54ab015f <unknown>\n    #6 0x558c54aa7bd3 <unknown>\n    #7 0x558c54a7ba7b <unknown>\n    #8 0x558c54a7c81e <unknown>\n    #9 0x558c54cdde98 <unknown>\n    #10 0x558c54ce1d67 <unknown>\n    #11 0x558c54cec32c <unknown>\n    #12 0x558c54ce2993 <unknown>\n    #13 0x558c54cb1827 <unknown>\n    #14 0x558c54d068a8 <unknown>\n    #15 0x558c54d06a36 <unknown>\n    #16 0x558c54d155f3 <unknown>\n    #17 0x7f9b6e20ab43 <unknown>","flaky":false,"newFailed":false,"newBroken":false,"newPassed":false,"retriesCount":0,"retriesStatusChange":false,"beforeStages":[{"name":"_session_faker","time":{"start":1690550714577,"stop":1690550714603,"duration":26},"status":"passed","steps":[],"attachments":[],"parameters":[],"stepsCount":0,"attachmentsCount":0,"shouldDisplayMessage":false,"hasContent":false},{"name":"browser","time":{"start":1690550714603,"stop":1690550715923,"duration":1320},"status":"broken","statusMessage":"selenium.common.exceptions.WebDriverException: Message: unknown error: Chrome failed to start: exited abnormally.\n  (unknown error: DevToolsActivePort file doesn't exist)\n  (The process started from chrome location /usr/bin/google-chrome is no longer running, so ChromeDriver is assuming that Chrome has crashed.)\nStacktrace:\n#0 0x558c54d1c783 <unknown>\n#1 0x558c54a48917 <unknown>\n#2 0x558c54a73978 <unknown>\n#3 0x558c54a709c9 <unknown>\n#4 0x558c54ab0a13 <unknown>\n#5 0x558c54ab015f <unknown>\n#6 0x558c54aa7bd3 <unknown>\n#7 0x558c54a7ba7b <unknown>\n#8 0x558c54a7c81e <unknown>\n#9 0x558c54cdde98 <unknown>\n#10 0x558c54ce1d67 <unknown>\n#11 0x558c54cec32c <unknown>\n#12 0x558c54ce2993 <unknown>\n#13 0x558c54cb1827 <unknown>\n#14 0x558c54d068a8 <unknown>\n#15 0x558c54d06a36 <unknown>\n#16 0x558c54d155f3 <unknown>\n#17 0x7f9b6e20ab43 <unknown>\n\n","statusTrace":"  File \"/opt/hostedtoolcache/Python/3.10.12/x64/lib/python3.10/site-packages/pluggy/_callers.py\", line 80, in _multicall\n    res = hook_impl.function(*args)\n  File \"/opt/hostedtoolcache/Python/3.10.12/x64/lib/python3.10/site-packages/_pytest/fixtures.py\", line 1123, in pytest_fixture_setup\n    result = call_fixture_func(fixturefunc, request, kwargs)\n  File \"/opt/hostedtoolcache/Python/3.10.12/x64/lib/python3.10/site-packages/_pytest/fixtures.py\", line 895, in call_fixture_func\n    fixture_result = next(generator)\n  File \"/home/runner/work/UI-test-automation/UI-test-automation/conftest.py\", line 33, in browser\n    browser = webdriver.Chrome(\n  File \"/opt/hostedtoolcache/Python/3.10.12/x64/lib/python3.10/site-packages/selenium/webdriver/chrome/webdriver.py\", line 49, in __init__\n    super().__init__(\n  File \"/opt/hostedtoolcache/Python/3.10.12/x64/lib/python3.10/site-packages/selenium/webdriver/chromium/webdriver.py\", line 54, in __init__\n    super().__init__(\n  File \"/opt/hostedtoolcache/Python/3.10.12/x64/lib/python3.10/site-packages/selenium/webdriver/remote/webdriver.py\", line 206, in __init__\n    self.start_session(capabilities)\n  File \"/opt/hostedtoolcache/Python/3.10.12/x64/lib/python3.10/site-packages/selenium/webdriver/remote/webdriver.py\", line 291, in start_session\n    response = self.execute(Command.NEW_SESSION, caps)[\"value\"]\n  File \"/opt/hostedtoolcache/Python/3.10.12/x64/lib/python3.10/site-packages/selenium/webdriver/remote/webdriver.py\", line 346, in execute\n    self.error_handler.check_response(response)\n  File \"/opt/hostedtoolcache/Python/3.10.12/x64/lib/python3.10/site-packages/selenium/webdriver/remote/errorhandler.py\", line 245, in check_response\n    raise exception_class(message, screen, stacktrace)\n","steps":[],"attachments":[],"parameters":[],"stepsCount":0,"attachmentsCount":0,"shouldDisplayMessage":true,"hasContent":true}],"afterStages":[],"labels":[{"name":"feature","value":"Тесты формы отправления сообщения."},{"name":"story","value":"Тест отправления сообщения с контактами."},{"name":"tag","value":"contact_message_form"},{"name":"tag","value":"contact_message_tests(scope='class', autouse=True)"},{"name":"parentSuite","value":"tests"},{"name":"suite","value":"test_contact_message"},{"name":"subSuite","value":"TestContactMessageForm"},{"name":"host","value":"fv-az571-390"},{"name":"thread","value":"2355-MainThread"},{"name":"framework","value":"pytest"},{"name":"language","value":"cpython3"},{"name":"package","value":"tests.test_contact_message"},{"name":"resultFormat","value":"allure2"}],"parameters":[],"links":[],"hidden":false,"retry":false,"extra":{"severity":"normal","retries":[],"categories":[{"name":"Test defects","matchedStatuses":[],"flaky":false}],"history":{"statistic":{"failed":0,"broken":8,"skipped":0,"passed":2,"unknown":0,"total":10},"items":[{"uid":"29859db8581e1ce","reportUrl":"https://IlyaYaP.github.io/UI-test-automation/22//#testresult/29859db8581e1ce","status":"broken","statusDetails":"selenium.common.exceptions.WebDriverException: Message: unknown error: Chrome failed to start: exited abnormally.\n  (unknown error: DevToolsActivePort file doesn't exist)\n  (The process started from chrome location /usr/bin/google-chrome is no longer running, so ChromeDriver is assuming that Chrome has crashed.)\nStacktrace:\n#0 0x55f61274b783 <unknown>\n#1 0x55f612477917 <unknown>\n#2 0x55f6124a2978 <unknown>\n#3 0x55f61249f9c9 <unknown>\n#4 0x55f6124dfa13 <unknown>\n#5 0x55f6124df15f <unknown>\n#6 0x55f6124d6bd3 <unknown>\n#7 0x55f6124aaa7b <unknown>\n#8 0x55f6124ab81e <unknown>\n#9 0x55f61270ce98 <unknown>\n#10 0x55f612710d67 <unknown>\n#11 0x55f61271b32c <unknown>\n#12 0x55f612711993 <unknown>\n#13 0x55f6126e0827 <unknown>\n#14 0x55f6127358a8 <unknown>\n#15 0x55f612735a36 <unknown>\n#16 0x55f6127445f3 <unknown>\n#17 0x7f1509384b43 <unknown>","time":{"start":1690549133033,"stop":1690549133033,"duration":0}},{"uid":"51b6e538f4f14732","reportUrl":"https://IlyaYaP.github.io/UI-test-automation/21//#testresult/51b6e538f4f14732","status":"broken","statusDetails":"selenium.common.exceptions.WebDriverException: Message: unknown error: Chrome failed to start: exited abnormally.\n  (unknown error: DevToolsActivePort file doesn't exist)\n  (The process started from chrome location /usr/bin/google-chrome is no longer running, so ChromeDriver is assuming that Chrome has crashed.)\nStacktrace:\n#0 0x55781fbd7783 <unknown>\n#1 0x55781f903917 <unknown>\n#2 0x55781f92e978 <unknown>\n#3 0x55781f92b9c9 <unknown>\n#4 0x55781f96ba13 <unknown>\n#5 0x55781f96b15f <unknown>\n#6 0x55781f962bd3 <unknown>\n#7 0x55781f936a7b <unknown>\n#8 0x55781f93781e <unknown>\n#9 0x55781fb98e98 <unknown>\n#10 0x55781fb9cd67 <unknown>\n#11 0x55781fba732c <unknown>\n#12 0x55781fb9d993 <unknown>\n#13 0x55781fb6c827 <unknown>\n#14 0x55781fbc18a8 <unknown>\n#15 0x55781fbc1a36 <unknown>\n#16 0x55781fbd05f3 <unknown>\n#17 0x7f99871abb43 <unknown>","time":{"start":1690545970104,"stop":1690545970104,"duration":0}},{"uid":"7ebe7548c737bcfd","reportUrl":"https://IlyaYaP.github.io/UI-test-automation/20//#testresult/7ebe7548c737bcfd","status":"passed","time":{"start":1690535265513,"stop":1690535266639,"duration":1126}},{"uid":"2f08eb061cf5e24b","reportUrl":"https://IlyaYaP.github.io/UI-test-automation/19//#testresult/2f08eb061cf5e24b","status":"broken","statusDetails":"ValueError: There is no such driver by url https://chromedriver.storage.googleapis.com/LATEST_RELEASE_115.0.5790","time":{"start":1690534679755,"stop":1690534679755,"duration":0}},{"uid":"ff84eb0a8190a4cf","reportUrl":"https://IlyaYaP.github.io/UI-test-automation/18//#testresult/ff84eb0a8190a4cf","status":"broken","statusDetails":"ValueError: There is no such driver by url https://chromedriver.storage.googleapis.com/LATEST_RELEASE_115.0.5790","time":{"start":1690534145119,"stop":1690534145119,"duration":0}},{"uid":"aeaf468c57c39bce","reportUrl":"https://IlyaYaP.github.io/UI-test-automation/17//#testresult/aeaf468c57c39bce","status":"broken","statusDetails":"ValueError: There is no such driver by url https://chromedriver.storage.googleapis.com/LATEST_RELEASE_115.0.5790","time":{"start":1690534006360,"stop":1690534006360,"duration":0}},{"uid":"2ee9c59bdd3e831e","reportUrl":"https://IlyaYaP.github.io/UI-test-automation/16//#testresult/2ee9c59bdd3e831e","status":"broken","statusDetails":"ValueError: There is no such driver by url https://chromedriver.storage.googleapis.com/LATEST_RELEASE_115.0.5790","time":{"start":1690364465984,"stop":1690364465984,"duration":0}},{"uid":"15d795e7090f9b9e","reportUrl":"https://IlyaYaP.github.io/UI-test-automation/15//#testresult/15d795e7090f9b9e","status":"broken","statusDetails":"selenium.common.exceptions.WebDriverException: Message: unknown error: Chrome failed to start: exited abnormally.\n  (unknown error: DevToolsActivePort file doesn't exist)\n  (The process started from chrome location /usr/bin/google-chrome is no longer running, so ChromeDriver is assuming that Chrome has crashed.)\nStacktrace:\n#0 0x55982e1bf4e3 <unknown>\n#1 0x55982deeec76 <unknown>\n#2 0x55982df17d78 <unknown>\n#3 0x55982df14029 <unknown>\n#4 0x55982df52ccc <unknown>\n#5 0x55982df5247f <unknown>\n#6 0x55982df49de3 <unknown>\n#7 0x55982df1f2dd <unknown>\n#8 0x55982df2034e <unknown>\n#9 0x55982e17f3e4 <unknown>\n#10 0x55982e1833d7 <unknown>\n#11 0x55982e18db20 <unknown>\n#12 0x55982e184023 <unknown>\n#13 0x55982e1521aa <unknown>\n#14 0x55982e1a86b8 <unknown>\n#15 0x55982e1a8847 <unknown>\n#16 0x55982e1b8243 <unknown>\n#17 0x7f2e8c273b43 <unknown>","time":{"start":1690292034668,"stop":1690292034668,"duration":0}},{"uid":"156832f12f860966","reportUrl":"https://IlyaYaP.github.io/UI-test-automation/13//#testresult/156832f12f860966","status":"passed","time":{"start":1689967871607,"stop":1689967872619,"duration":1012}}]},"tags":["contact_message_form","contact_message_tests(scope='class', autouse=True)"]},"source":"b96a111e44b9d72d.json","parameterValues":[]}