{"uid":"1c3b042200d7bf4b","name":"test_registration_form","fullName":"tests.test_registration_and_login.TestRegistrationAndLoginForm#test_registration_form","historyId":"c517ef34370fd9b3892a915942e0b91f","time":{"start":1690292036666,"stop":1690292036666,"duration":0},"status":"broken","statusMessage":"selenium.common.exceptions.WebDriverException: Message: unknown error: Chrome failed to start: exited abnormally.\n  (unknown error: DevToolsActivePort file doesn't exist)\n  (The process started from chrome location /usr/bin/google-chrome is no longer running, so ChromeDriver is assuming that Chrome has crashed.)\nStacktrace:\n#0 0x563e45e084e3 <unknown>\n#1 0x563e45b37c76 <unknown>\n#2 0x563e45b60d78 <unknown>\n#3 0x563e45b5d029 <unknown>\n#4 0x563e45b9bccc <unknown>\n#5 0x563e45b9b47f <unknown>\n#6 0x563e45b92de3 <unknown>\n#7 0x563e45b682dd <unknown>\n#8 0x563e45b6934e <unknown>\n#9 0x563e45dc83e4 <unknown>\n#10 0x563e45dcc3d7 <unknown>\n#11 0x563e45dd6b20 <unknown>\n#12 0x563e45dcd023 <unknown>\n#13 0x563e45d9b1aa <unknown>\n#14 0x563e45df16b8 <unknown>\n#15 0x563e45df1847 <unknown>\n#16 0x563e45e01243 <unknown>\n#17 0x7f651c231b43 <unknown>","statusTrace":"E   selenium.common.exceptions.WebDriverException: Message: unknown error: Chrome failed to start: exited abnormally.\n      (unknown error: DevToolsActivePort file doesn't exist)\n      (The process started from chrome location /usr/bin/google-chrome is no longer running, so ChromeDriver is assuming that Chrome has crashed.)\n    Stacktrace:\n    #0 0x563e45e084e3 <unknown>\n    #1 0x563e45b37c76 <unknown>\n    #2 0x563e45b60d78 <unknown>\n    #3 0x563e45b5d029 <unknown>\n    #4 0x563e45b9bccc <unknown>\n    #5 0x563e45b9b47f <unknown>\n    #6 0x563e45b92de3 <unknown>\n    #7 0x563e45b682dd <unknown>\n    #8 0x563e45b6934e <unknown>\n    #9 0x563e45dc83e4 <unknown>\n    #10 0x563e45dcc3d7 <unknown>\n    #11 0x563e45dd6b20 <unknown>\n    #12 0x563e45dcd023 <unknown>\n    #13 0x563e45d9b1aa <unknown>\n    #14 0x563e45df16b8 <unknown>\n    #15 0x563e45df1847 <unknown>\n    #16 0x563e45e01243 <unknown>\n    #17 0x7f651c231b43 <unknown>","flaky":false,"newFailed":false,"newBroken":true,"newPassed":false,"retriesCount":0,"retriesStatusChange":false,"beforeStages":[{"name":"_session_faker","time":{"start":1690292034669,"stop":1690292034694,"duration":25},"status":"passed","steps":[],"attachments":[],"parameters":[],"stepsCount":0,"attachmentsCount":0,"shouldDisplayMessage":false,"hasContent":false},{"name":"browser","time":{"start":1690292036667,"stop":1690292037380,"duration":713},"status":"broken","statusMessage":"selenium.common.exceptions.WebDriverException: Message: unknown error: Chrome failed to start: exited abnormally.\n  (unknown error: DevToolsActivePort file doesn't exist)\n  (The process started from chrome location /usr/bin/google-chrome is no longer running, so ChromeDriver is assuming that Chrome has crashed.)\nStacktrace:\n#0 0x563e45e084e3 <unknown>\n#1 0x563e45b37c76 <unknown>\n#2 0x563e45b60d78 <unknown>\n#3 0x563e45b5d029 <unknown>\n#4 0x563e45b9bccc <unknown>\n#5 0x563e45b9b47f <unknown>\n#6 0x563e45b92de3 <unknown>\n#7 0x563e45b682dd <unknown>\n#8 0x563e45b6934e <unknown>\n#9 0x563e45dc83e4 <unknown>\n#10 0x563e45dcc3d7 <unknown>\n#11 0x563e45dd6b20 <unknown>\n#12 0x563e45dcd023 <unknown>\n#13 0x563e45d9b1aa <unknown>\n#14 0x563e45df16b8 <unknown>\n#15 0x563e45df1847 <unknown>\n#16 0x563e45e01243 <unknown>\n#17 0x7f651c231b43 <unknown>\n\n","statusTrace":"  File \"/opt/hostedtoolcache/Python/3.10.12/x64/lib/python3.10/site-packages/pluggy/_callers.py\", line 80, in _multicall\n    res = hook_impl.function(*args)\n  File \"/opt/hostedtoolcache/Python/3.10.12/x64/lib/python3.10/site-packages/_pytest/fixtures.py\", line 1123, in pytest_fixture_setup\n    result = call_fixture_func(fixturefunc, request, kwargs)\n  File \"/opt/hostedtoolcache/Python/3.10.12/x64/lib/python3.10/site-packages/_pytest/fixtures.py\", line 895, in call_fixture_func\n    fixture_result = next(generator)\n  File \"/home/runner/work/UI-test-automation/UI-test-automation/conftest.py\", line 32, in browser\n    browser = webdriver.Chrome(\n  File \"/opt/hostedtoolcache/Python/3.10.12/x64/lib/python3.10/site-packages/selenium/webdriver/chrome/webdriver.py\", line 49, in __init__\n    super().__init__(\n  File \"/opt/hostedtoolcache/Python/3.10.12/x64/lib/python3.10/site-packages/selenium/webdriver/chromium/webdriver.py\", line 54, in __init__\n    super().__init__(\n  File \"/opt/hostedtoolcache/Python/3.10.12/x64/lib/python3.10/site-packages/selenium/webdriver/remote/webdriver.py\", line 206, in __init__\n    self.start_session(capabilities)\n  File \"/opt/hostedtoolcache/Python/3.10.12/x64/lib/python3.10/site-packages/selenium/webdriver/remote/webdriver.py\", line 291, in start_session\n    response = self.execute(Command.NEW_SESSION, caps)[\"value\"]\n  File \"/opt/hostedtoolcache/Python/3.10.12/x64/lib/python3.10/site-packages/selenium/webdriver/remote/webdriver.py\", line 346, in execute\n    self.error_handler.check_response(response)\n  File \"/opt/hostedtoolcache/Python/3.10.12/x64/lib/python3.10/site-packages/selenium/webdriver/remote/errorhandler.py\", line 245, in check_response\n    raise exception_class(message, screen, stacktrace)\n","steps":[],"attachments":[],"parameters":[],"stepsCount":0,"attachmentsCount":0,"shouldDisplayMessage":true,"hasContent":true}],"afterStages":[],"labels":[{"name":"feature","value":"Тесты регистрации и аутентификации нового пользователя."},{"name":"story","value":"Тест регистрации нового пользователя."},{"name":"tag","value":"registration_form_tests"},{"name":"tag","value":"registration_and_login_tests(scope='class', autouse=True)"},{"name":"parentSuite","value":"tests"},{"name":"suite","value":"test_registration_and_login"},{"name":"subSuite","value":"TestRegistrationAndLoginForm"},{"name":"host","value":"fv-az615-165"},{"name":"thread","value":"2343-MainThread"},{"name":"framework","value":"pytest"},{"name":"language","value":"cpython3"},{"name":"package","value":"tests.test_registration_and_login"},{"name":"resultFormat","value":"allure2"}],"parameters":[],"links":[],"hidden":false,"retry":false,"extra":{"severity":"normal","retries":[],"categories":[{"name":"Test defects","matchedStatuses":[],"flaky":false}],"history":{"statistic":{"failed":0,"broken":1,"skipped":0,"passed":4,"unknown":0,"total":5},"items":[{"uid":"4698bf81faf93987","reportUrl":"https://IlyaYaP.github.io/UI-test-automation/13//#testresult/4698bf81faf93987","status":"passed","time":{"start":1689967873331,"stop":1689967874638,"duration":1307}},{"uid":"369d59c516735674","reportUrl":"https://IlyaYaP.github.io/UI-test-automation/12//#testresult/369d59c516735674","status":"passed","time":{"start":1689882161257,"stop":1689882162973,"duration":1716}},{"uid":"74e4354b84b013e2","reportUrl":"https://IlyaYaP.github.io/UI-test-automation/11//#testresult/74e4354b84b013e2","status":"passed","time":{"start":1689880297358,"stop":1689880299513,"duration":2155}},{"uid":"e085630b01e986","reportUrl":"https://IlyaYaP.github.io/UI-test-automation/10//#testresult/e085630b01e986","status":"passed","time":{"start":1689880218418,"stop":1689880221538,"duration":3120}}]},"tags":["registration_and_login_tests(scope='class', autouse=True)","registration_form_tests"]},"source":"1c3b042200d7bf4b.json","parameterValues":[]}