{"uid":"6abc03fc203b531c","name":"test_login_form","fullName":"tests.test_registration_and_login.TestRegistrationAndLoginForm#test_login_form","historyId":"8ba6a131cb9b43313debe0c792d10484","time":{"start":1690292037388,"stop":1690292037388,"duration":0},"status":"broken","statusMessage":"selenium.common.exceptions.WebDriverException: Message: unknown error: Chrome failed to start: exited abnormally.\n  (unknown error: DevToolsActivePort file doesn't exist)\n  (The process started from chrome location /usr/bin/google-chrome is no longer running, so ChromeDriver is assuming that Chrome has crashed.)\nStacktrace:\n#0 0x55f292e004e3 <unknown>\n#1 0x55f292b2fc76 <unknown>\n#2 0x55f292b58d78 <unknown>\n#3 0x55f292b55029 <unknown>\n#4 0x55f292b93ccc <unknown>\n#5 0x55f292b9347f <unknown>\n#6 0x55f292b8ade3 <unknown>\n#7 0x55f292b602dd <unknown>\n#8 0x55f292b6134e <unknown>\n#9 0x55f292dc03e4 <unknown>\n#10 0x55f292dc43d7 <unknown>\n#11 0x55f292dceb20 <unknown>\n#12 0x55f292dc5023 <unknown>\n#13 0x55f292d931aa <unknown>\n#14 0x55f292de96b8 <unknown>\n#15 0x55f292de9847 <unknown>\n#16 0x55f292df9243 <unknown>\n#17 0x7fcded595b43 <unknown>","statusTrace":"E   selenium.common.exceptions.WebDriverException: Message: unknown error: Chrome failed to start: exited abnormally.\n      (unknown error: DevToolsActivePort file doesn't exist)\n      (The process started from chrome location /usr/bin/google-chrome is no longer running, so ChromeDriver is assuming that Chrome has crashed.)\n    Stacktrace:\n    #0 0x55f292e004e3 <unknown>\n    #1 0x55f292b2fc76 <unknown>\n    #2 0x55f292b58d78 <unknown>\n    #3 0x55f292b55029 <unknown>\n    #4 0x55f292b93ccc <unknown>\n    #5 0x55f292b9347f <unknown>\n    #6 0x55f292b8ade3 <unknown>\n    #7 0x55f292b602dd <unknown>\n    #8 0x55f292b6134e <unknown>\n    #9 0x55f292dc03e4 <unknown>\n    #10 0x55f292dc43d7 <unknown>\n    #11 0x55f292dceb20 <unknown>\n    #12 0x55f292dc5023 <unknown>\n    #13 0x55f292d931aa <unknown>\n    #14 0x55f292de96b8 <unknown>\n    #15 0x55f292de9847 <unknown>\n    #16 0x55f292df9243 <unknown>\n    #17 0x7fcded595b43 <unknown>","flaky":false,"newFailed":false,"newBroken":true,"newPassed":false,"retriesCount":0,"retriesStatusChange":false,"beforeStages":[{"name":"_session_faker","time":{"start":1690292034669,"stop":1690292034694,"duration":25},"status":"passed","steps":[],"attachments":[],"parameters":[],"stepsCount":0,"attachmentsCount":0,"shouldDisplayMessage":false,"hasContent":false},{"name":"browser","time":{"start":1690292037389,"stop":1690292038050,"duration":661},"status":"broken","statusMessage":"selenium.common.exceptions.WebDriverException: Message: unknown error: Chrome failed to start: exited abnormally.\n  (unknown error: DevToolsActivePort file doesn't exist)\n  (The process started from chrome location /usr/bin/google-chrome is no longer running, so ChromeDriver is assuming that Chrome has crashed.)\nStacktrace:\n#0 0x55f292e004e3 <unknown>\n#1 0x55f292b2fc76 <unknown>\n#2 0x55f292b58d78 <unknown>\n#3 0x55f292b55029 <unknown>\n#4 0x55f292b93ccc <unknown>\n#5 0x55f292b9347f <unknown>\n#6 0x55f292b8ade3 <unknown>\n#7 0x55f292b602dd <unknown>\n#8 0x55f292b6134e <unknown>\n#9 0x55f292dc03e4 <unknown>\n#10 0x55f292dc43d7 <unknown>\n#11 0x55f292dceb20 <unknown>\n#12 0x55f292dc5023 <unknown>\n#13 0x55f292d931aa <unknown>\n#14 0x55f292de96b8 <unknown>\n#15 0x55f292de9847 <unknown>\n#16 0x55f292df9243 <unknown>\n#17 0x7fcded595b43 <unknown>\n\n","statusTrace":"  File \"/opt/hostedtoolcache/Python/3.10.12/x64/lib/python3.10/site-packages/pluggy/_callers.py\", line 80, in _multicall\n    res = hook_impl.function(*args)\n  File \"/opt/hostedtoolcache/Python/3.10.12/x64/lib/python3.10/site-packages/_pytest/fixtures.py\", line 1123, in pytest_fixture_setup\n    result = call_fixture_func(fixturefunc, request, kwargs)\n  File \"/opt/hostedtoolcache/Python/3.10.12/x64/lib/python3.10/site-packages/_pytest/fixtures.py\", line 895, in call_fixture_func\n    fixture_result = next(generator)\n  File \"/home/runner/work/UI-test-automation/UI-test-automation/conftest.py\", line 32, in browser\n    browser = webdriver.Chrome(\n  File \"/opt/hostedtoolcache/Python/3.10.12/x64/lib/python3.10/site-packages/selenium/webdriver/chrome/webdriver.py\", line 49, in __init__\n    super().__init__(\n  File \"/opt/hostedtoolcache/Python/3.10.12/x64/lib/python3.10/site-packages/selenium/webdriver/chromium/webdriver.py\", line 54, in __init__\n    super().__init__(\n  File \"/opt/hostedtoolcache/Python/3.10.12/x64/lib/python3.10/site-packages/selenium/webdriver/remote/webdriver.py\", line 206, in __init__\n    self.start_session(capabilities)\n  File \"/opt/hostedtoolcache/Python/3.10.12/x64/lib/python3.10/site-packages/selenium/webdriver/remote/webdriver.py\", line 291, in start_session\n    response = self.execute(Command.NEW_SESSION, caps)[\"value\"]\n  File \"/opt/hostedtoolcache/Python/3.10.12/x64/lib/python3.10/site-packages/selenium/webdriver/remote/webdriver.py\", line 346, in execute\n    self.error_handler.check_response(response)\n  File \"/opt/hostedtoolcache/Python/3.10.12/x64/lib/python3.10/site-packages/selenium/webdriver/remote/errorhandler.py\", line 245, in check_response\n    raise exception_class(message, screen, stacktrace)\n","steps":[],"attachments":[],"parameters":[],"stepsCount":0,"attachmentsCount":0,"shouldDisplayMessage":true,"hasContent":true}],"afterStages":[],"labels":[{"name":"feature","value":"Тесты регистрации и аутентификации нового пользователя."},{"name":"story","value":"Тест аутентификации нового пользователя."},{"name":"tag","value":"login_form_tests"},{"name":"tag","value":"registration_and_login_tests(scope='class', autouse=True)"},{"name":"parentSuite","value":"tests"},{"name":"suite","value":"test_registration_and_login"},{"name":"subSuite","value":"TestRegistrationAndLoginForm"},{"name":"host","value":"fv-az615-165"},{"name":"thread","value":"2343-MainThread"},{"name":"framework","value":"pytest"},{"name":"language","value":"cpython3"},{"name":"package","value":"tests.test_registration_and_login"},{"name":"resultFormat","value":"allure2"}],"parameters":[],"links":[],"hidden":false,"retry":false,"extra":{"severity":"normal","retries":[],"categories":[{"name":"Test defects","matchedStatuses":[],"flaky":false}],"history":{"statistic":{"failed":0,"broken":1,"skipped":0,"passed":4,"unknown":0,"total":5},"items":[{"uid":"253a0bb4fec6c64f","reportUrl":"https://IlyaYaP.github.io/UI-test-automation/13//#testresult/253a0bb4fec6c64f","status":"passed","time":{"start":1689967875361,"stop":1689967877136,"duration":1775}},{"uid":"9d1d730ec2d79666","reportUrl":"https://IlyaYaP.github.io/UI-test-automation/12//#testresult/9d1d730ec2d79666","status":"passed","time":{"start":1689882163711,"stop":1689882165576,"duration":1865}},{"uid":"691567794ce5c075","reportUrl":"https://IlyaYaP.github.io/UI-test-automation/11//#testresult/691567794ce5c075","status":"passed","time":{"start":1689880300224,"stop":1689880301929,"duration":1705}},{"uid":"fcf6c53b893fa2c1","reportUrl":"https://IlyaYaP.github.io/UI-test-automation/10//#testresult/fcf6c53b893fa2c1","status":"passed","time":{"start":1689880222317,"stop":1689880224345,"duration":2028}}]},"tags":["registration_and_login_tests(scope='class', autouse=True)","login_form_tests"]},"source":"6abc03fc203b531c.json","parameterValues":[]}