{"uid":"7026632b7319d5e1","name":"test_shopping_cart","fullName":"tests.test_shopping_cart.TestShoppingCart#test_shopping_cart","historyId":"8a2d8fc7a8bf0a43f572cfba82000789","time":{"start":1690292038058,"stop":1690292038058,"duration":0},"status":"broken","statusMessage":"selenium.common.exceptions.WebDriverException: Message: unknown error: Chrome failed to start: exited abnormally.\n  (unknown error: DevToolsActivePort file doesn't exist)\n  (The process started from chrome location /usr/bin/google-chrome is no longer running, so ChromeDriver is assuming that Chrome has crashed.)\nStacktrace:\n#0 0x55de1dd014e3 <unknown>\n#1 0x55de1da30c76 <unknown>\n#2 0x55de1da59d78 <unknown>\n#3 0x55de1da56029 <unknown>\n#4 0x55de1da94ccc <unknown>\n#5 0x55de1da9447f <unknown>\n#6 0x55de1da8bde3 <unknown>\n#7 0x55de1da612dd <unknown>\n#8 0x55de1da6234e <unknown>\n#9 0x55de1dcc13e4 <unknown>\n#10 0x55de1dcc53d7 <unknown>\n#11 0x55de1dccfb20 <unknown>\n#12 0x55de1dcc6023 <unknown>\n#13 0x55de1dc941aa <unknown>\n#14 0x55de1dcea6b8 <unknown>\n#15 0x55de1dcea847 <unknown>\n#16 0x55de1dcfa243 <unknown>\n#17 0x7f23f6539b43 <unknown>","statusTrace":"E   selenium.common.exceptions.WebDriverException: Message: unknown error: Chrome failed to start: exited abnormally.\n      (unknown error: DevToolsActivePort file doesn't exist)\n      (The process started from chrome location /usr/bin/google-chrome is no longer running, so ChromeDriver is assuming that Chrome has crashed.)\n    Stacktrace:\n    #0 0x55de1dd014e3 <unknown>\n    #1 0x55de1da30c76 <unknown>\n    #2 0x55de1da59d78 <unknown>\n    #3 0x55de1da56029 <unknown>\n    #4 0x55de1da94ccc <unknown>\n    #5 0x55de1da9447f <unknown>\n    #6 0x55de1da8bde3 <unknown>\n    #7 0x55de1da612dd <unknown>\n    #8 0x55de1da6234e <unknown>\n    #9 0x55de1dcc13e4 <unknown>\n    #10 0x55de1dcc53d7 <unknown>\n    #11 0x55de1dccfb20 <unknown>\n    #12 0x55de1dcc6023 <unknown>\n    #13 0x55de1dc941aa <unknown>\n    #14 0x55de1dcea6b8 <unknown>\n    #15 0x55de1dcea847 <unknown>\n    #16 0x55de1dcfa243 <unknown>\n    #17 0x7f23f6539b43 <unknown>","flaky":false,"newFailed":false,"newBroken":false,"newPassed":false,"retriesCount":0,"retriesStatusChange":false,"beforeStages":[{"name":"_session_faker","time":{"start":1690292034669,"stop":1690292034694,"duration":25},"status":"passed","steps":[],"attachments":[],"parameters":[],"stepsCount":0,"attachmentsCount":0,"shouldDisplayMessage":false,"hasContent":false},{"name":"browser","time":{"start":1690292038059,"stop":1690292038720,"duration":661},"status":"broken","statusMessage":"selenium.common.exceptions.WebDriverException: Message: unknown error: Chrome failed to start: exited abnormally.\n  (unknown error: DevToolsActivePort file doesn't exist)\n  (The process started from chrome location /usr/bin/google-chrome is no longer running, so ChromeDriver is assuming that Chrome has crashed.)\nStacktrace:\n#0 0x55de1dd014e3 <unknown>\n#1 0x55de1da30c76 <unknown>\n#2 0x55de1da59d78 <unknown>\n#3 0x55de1da56029 <unknown>\n#4 0x55de1da94ccc <unknown>\n#5 0x55de1da9447f <unknown>\n#6 0x55de1da8bde3 <unknown>\n#7 0x55de1da612dd <unknown>\n#8 0x55de1da6234e <unknown>\n#9 0x55de1dcc13e4 <unknown>\n#10 0x55de1dcc53d7 <unknown>\n#11 0x55de1dccfb20 <unknown>\n#12 0x55de1dcc6023 <unknown>\n#13 0x55de1dc941aa <unknown>\n#14 0x55de1dcea6b8 <unknown>\n#15 0x55de1dcea847 <unknown>\n#16 0x55de1dcfa243 <unknown>\n#17 0x7f23f6539b43 <unknown>\n\n","statusTrace":"  File \"/opt/hostedtoolcache/Python/3.10.12/x64/lib/python3.10/site-packages/pluggy/_callers.py\", line 80, in _multicall\n    res = hook_impl.function(*args)\n  File \"/opt/hostedtoolcache/Python/3.10.12/x64/lib/python3.10/site-packages/_pytest/fixtures.py\", line 1123, in pytest_fixture_setup\n    result = call_fixture_func(fixturefunc, request, kwargs)\n  File \"/opt/hostedtoolcache/Python/3.10.12/x64/lib/python3.10/site-packages/_pytest/fixtures.py\", line 895, in call_fixture_func\n    fixture_result = next(generator)\n  File \"/home/runner/work/UI-test-automation/UI-test-automation/conftest.py\", line 32, in browser\n    browser = webdriver.Chrome(\n  File \"/opt/hostedtoolcache/Python/3.10.12/x64/lib/python3.10/site-packages/selenium/webdriver/chrome/webdriver.py\", line 49, in __init__\n    super().__init__(\n  File \"/opt/hostedtoolcache/Python/3.10.12/x64/lib/python3.10/site-packages/selenium/webdriver/chromium/webdriver.py\", line 54, in __init__\n    super().__init__(\n  File \"/opt/hostedtoolcache/Python/3.10.12/x64/lib/python3.10/site-packages/selenium/webdriver/remote/webdriver.py\", line 206, in __init__\n    self.start_session(capabilities)\n  File \"/opt/hostedtoolcache/Python/3.10.12/x64/lib/python3.10/site-packages/selenium/webdriver/remote/webdriver.py\", line 291, in start_session\n    response = self.execute(Command.NEW_SESSION, caps)[\"value\"]\n  File \"/opt/hostedtoolcache/Python/3.10.12/x64/lib/python3.10/site-packages/selenium/webdriver/remote/webdriver.py\", line 346, in execute\n    self.error_handler.check_response(response)\n  File \"/opt/hostedtoolcache/Python/3.10.12/x64/lib/python3.10/site-packages/selenium/webdriver/remote/errorhandler.py\", line 245, in check_response\n    raise exception_class(message, screen, stacktrace)\n","steps":[],"attachments":[],"parameters":[],"stepsCount":0,"attachmentsCount":0,"shouldDisplayMessage":true,"hasContent":true}],"afterStages":[],"labels":[{"name":"story","value":"Тест добавления продукта в корзину."},{"name":"feature","value":"Тесты добавления продукта в корзину."},{"name":"tag","value":"add_shopping_cart_test"},{"name":"tag","value":"shopping_cart_tests(scope='class', autouse=True)"},{"name":"parentSuite","value":"tests"},{"name":"suite","value":"test_shopping_cart"},{"name":"subSuite","value":"TestShoppingCart"},{"name":"host","value":"fv-az615-165"},{"name":"thread","value":"2343-MainThread"},{"name":"framework","value":"pytest"},{"name":"language","value":"cpython3"},{"name":"package","value":"tests.test_shopping_cart"},{"name":"resultFormat","value":"allure2"}],"parameters":[],"links":[],"hidden":false,"retry":false,"extra":{"severity":"normal","retries":[],"categories":[{"name":"Test defects","matchedStatuses":[],"flaky":false}],"tags":["add_shopping_cart_test","shopping_cart_tests(scope='class', autouse=True)"]},"source":"7026632b7319d5e1.json","parameterValues":[]}