{"c517ef34370fd9b3892a915942e0b91f":{"statistic":{"failed":0,"broken":4,"skipped":0,"passed":4,"unknown":0,"total":8},"items":[{"uid":"1ce8209d5904522c","reportUrl":"https://IlyaYaP.github.io/UI-test-automation/18//#testresult/1ce8209d5904522c","status":"broken","statusDetails":"ValueError: There is no such driver by url https://chromedriver.storage.googleapis.com/LATEST_RELEASE_115.0.5790","time":{"start":1690534145581,"stop":1690534145581,"duration":0}},{"uid":"41802d0c31ed3733","reportUrl":"https://IlyaYaP.github.io/UI-test-automation/17//#testresult/41802d0c31ed3733","status":"broken","statusDetails":"ValueError: There is no such driver by url https://chromedriver.storage.googleapis.com/LATEST_RELEASE_115.0.5790","time":{"start":1690534006668,"stop":1690534006668,"duration":0}},{"uid":"5d425e2fbf6f6ad3","reportUrl":"https://IlyaYaP.github.io/UI-test-automation/16//#testresult/5d425e2fbf6f6ad3","status":"broken","statusDetails":"ValueError: There is no such driver by url https://chromedriver.storage.googleapis.com/LATEST_RELEASE_115.0.5790","time":{"start":1690364468907,"stop":1690364468907,"duration":0}},{"uid":"1c3b042200d7bf4b","reportUrl":"https://IlyaYaP.github.io/UI-test-automation/15//#testresult/1c3b042200d7bf4b","status":"broken","statusDetails":"selenium.common.exceptions.WebDriverException: Message: unknown error: Chrome failed to start: exited abnormally.\n  (unknown error: DevToolsActivePort file doesn't exist)\n  (The process started from chrome location /usr/bin/google-chrome is no longer running, so ChromeDriver is assuming that Chrome has crashed.)\nStacktrace:\n#0 0x563e45e084e3 <unknown>\n#1 0x563e45b37c76 <unknown>\n#2 0x563e45b60d78 <unknown>\n#3 0x563e45b5d029 <unknown>\n#4 0x563e45b9bccc <unknown>\n#5 0x563e45b9b47f <unknown>\n#6 0x563e45b92de3 <unknown>\n#7 0x563e45b682dd <unknown>\n#8 0x563e45b6934e <unknown>\n#9 0x563e45dc83e4 <unknown>\n#10 0x563e45dcc3d7 <unknown>\n#11 0x563e45dd6b20 <unknown>\n#12 0x563e45dcd023 <unknown>\n#13 0x563e45d9b1aa <unknown>\n#14 0x563e45df16b8 <unknown>\n#15 0x563e45df1847 <unknown>\n#16 0x563e45e01243 <unknown>\n#17 0x7f651c231b43 <unknown>","time":{"start":1690292036666,"stop":1690292036666,"duration":0}},{"uid":"4698bf81faf93987","reportUrl":"https://IlyaYaP.github.io/UI-test-automation/13//#testresult/4698bf81faf93987","status":"passed","time":{"start":1689967873331,"stop":1689967874638,"duration":1307}},{"uid":"369d59c516735674","reportUrl":"https://IlyaYaP.github.io/UI-test-automation/12//#testresult/369d59c516735674","status":"passed","time":{"start":1689882161257,"stop":1689882162973,"duration":1716}},{"uid":"74e4354b84b013e2","reportUrl":"https://IlyaYaP.github.io/UI-test-automation/11//#testresult/74e4354b84b013e2","status":"passed","time":{"start":1689880297358,"stop":1689880299513,"duration":2155}},{"uid":"e085630b01e986","reportUrl":"https://IlyaYaP.github.io/UI-test-automation/10//#testresult/e085630b01e986","status":"passed","time":{"start":1689880218418,"stop":1689880221538,"duration":3120}}]},"8ba6a131cb9b43313debe0c792d10484":{"statistic":{"failed":0,"broken":4,"skipped":0,"passed":4,"unknown":0,"total":8},"items":[{"uid":"6f47c1c8699d0f9","reportUrl":"https://IlyaYaP.github.io/UI-test-automation/18//#testresult/6f47c1c8699d0f9","status":"broken","statusDetails":"ValueError: There is no such driver by url https://chromedriver.storage.googleapis.com/LATEST_RELEASE_115.0.5790","time":{"start":1690534145768,"stop":1690534145768,"duration":0}},{"uid":"3c3a170d5881fc6e","reportUrl":"https://IlyaYaP.github.io/UI-test-automation/17//#testresult/3c3a170d5881fc6e","status":"broken","statusDetails":"ValueError: There is no such driver by url https://chromedriver.storage.googleapis.com/LATEST_RELEASE_115.0.5790","time":{"start":1690534006822,"stop":1690534006822,"duration":0}},{"uid":"2cba565fd0aa7c36","reportUrl":"https://IlyaYaP.github.io/UI-test-automation/16//#testresult/2cba565fd0aa7c36","status":"broken","statusDetails":"ValueError: There is no such driver by url https://chromedriver.storage.googleapis.com/LATEST_RELEASE_115.0.5790","time":{"start":1690364469112,"stop":1690364469112,"duration":0}},{"uid":"6abc03fc203b531c","reportUrl":"https://IlyaYaP.github.io/UI-test-automation/15//#testresult/6abc03fc203b531c","status":"broken","statusDetails":"selenium.common.exceptions.WebDriverException: Message: unknown error: Chrome failed to start: exited abnormally.\n  (unknown error: DevToolsActivePort file doesn't exist)\n  (The process started from chrome location /usr/bin/google-chrome is no longer running, so ChromeDriver is assuming that Chrome has crashed.)\nStacktrace:\n#0 0x55f292e004e3 <unknown>\n#1 0x55f292b2fc76 <unknown>\n#2 0x55f292b58d78 <unknown>\n#3 0x55f292b55029 <unknown>\n#4 0x55f292b93ccc <unknown>\n#5 0x55f292b9347f <unknown>\n#6 0x55f292b8ade3 <unknown>\n#7 0x55f292b602dd <unknown>\n#8 0x55f292b6134e <unknown>\n#9 0x55f292dc03e4 <unknown>\n#10 0x55f292dc43d7 <unknown>\n#11 0x55f292dceb20 <unknown>\n#12 0x55f292dc5023 <unknown>\n#13 0x55f292d931aa <unknown>\n#14 0x55f292de96b8 <unknown>\n#15 0x55f292de9847 <unknown>\n#16 0x55f292df9243 <unknown>\n#17 0x7fcded595b43 <unknown>","time":{"start":1690292037388,"stop":1690292037388,"duration":0}},{"uid":"253a0bb4fec6c64f","reportUrl":"https://IlyaYaP.github.io/UI-test-automation/13//#testresult/253a0bb4fec6c64f","status":"passed","time":{"start":1689967875361,"stop":1689967877136,"duration":1775}},{"uid":"9d1d730ec2d79666","reportUrl":"https://IlyaYaP.github.io/UI-test-automation/12//#testresult/9d1d730ec2d79666","status":"passed","time":{"start":1689882163711,"stop":1689882165576,"duration":1865}},{"uid":"691567794ce5c075","reportUrl":"https://IlyaYaP.github.io/UI-test-automation/11//#testresult/691567794ce5c075","status":"passed","time":{"start":1689880300224,"stop":1689880301929,"duration":1705}},{"uid":"fcf6c53b893fa2c1","reportUrl":"https://IlyaYaP.github.io/UI-test-automation/10//#testresult/fcf6c53b893fa2c1","status":"passed","time":{"start":1689880222317,"stop":1689880224345,"duration":2028}}]},"8a2d8fc7a8bf0a43f572cfba82000789":{"statistic":{"failed":0,"broken":4,"skipped":0,"passed":0,"unknown":0,"total":4},"items":[{"uid":"d4f19dfe141edfe","reportUrl":"https://IlyaYaP.github.io/UI-test-automation/18//#testresult/d4f19dfe141edfe","status":"broken","statusDetails":"ValueError: There is no such driver by url https://chromedriver.storage.googleapis.com/LATEST_RELEASE_115.0.5790","time":{"start":1690534145948,"stop":1690534145948,"duration":0}},{"uid":"2c3606db3cf1ba4b","reportUrl":"https://IlyaYaP.github.io/UI-test-automation/17//#testresult/2c3606db3cf1ba4b","status":"broken","statusDetails":"ValueError: There is no such driver by url https://chromedriver.storage.googleapis.com/LATEST_RELEASE_115.0.5790","time":{"start":1690534006977,"stop":1690534006977,"duration":0}},{"uid":"4cfd35b00d846de1","reportUrl":"https://IlyaYaP.github.io/UI-test-automation/16//#testresult/4cfd35b00d846de1","status":"broken","statusDetails":"ValueError: There is no such driver by url https://chromedriver.storage.googleapis.com/LATEST_RELEASE_115.0.5790","time":{"start":1690364469322,"stop":1690364469322,"duration":0}},{"uid":"7026632b7319d5e1","reportUrl":"https://IlyaYaP.github.io/UI-test-automation/15//#testresult/7026632b7319d5e1","status":"broken","statusDetails":"selenium.common.exceptions.WebDriverException: Message: unknown error: Chrome failed to start: exited abnormally.\n  (unknown error: DevToolsActivePort file doesn't exist)\n  (The process started from chrome location /usr/bin/google-chrome is no longer running, so ChromeDriver is assuming that Chrome has crashed.)\nStacktrace:\n#0 0x55de1dd014e3 <unknown>\n#1 0x55de1da30c76 <unknown>\n#2 0x55de1da59d78 <unknown>\n#3 0x55de1da56029 <unknown>\n#4 0x55de1da94ccc <unknown>\n#5 0x55de1da9447f <unknown>\n#6 0x55de1da8bde3 <unknown>\n#7 0x55de1da612dd <unknown>\n#8 0x55de1da6234e <unknown>\n#9 0x55de1dcc13e4 <unknown>\n#10 0x55de1dcc53d7 <unknown>\n#11 0x55de1dccfb20 <unknown>\n#12 0x55de1dcc6023 <unknown>\n#13 0x55de1dc941aa <unknown>\n#14 0x55de1dcea6b8 <unknown>\n#15 0x55de1dcea847 <unknown>\n#16 0x55de1dcfa243 <unknown>\n#17 0x7f23f6539b43 <unknown>","time":{"start":1690292038058,"stop":1690292038058,"duration":0}}]},"7c62ead2c384f2f63a2e5d8cf54b42d8":{"statistic":{"failed":2,"broken":4,"skipped":0,"passed":4,"unknown":0,"total":10},"items":[{"uid":"87d58812a24f4cc0","reportUrl":"https://IlyaYaP.github.io/UI-test-automation/10//#testresult/87d58812a24f4cc0","status":"failed","statusDetails":"AssertionError: The message in the alert box does not match the expected","time":{"start":1689791841037,"stop":1689791842816,"duration":1779}},{"uid":"d002e248cb91e6d0","reportUrl":"https://IlyaYaP.github.io/UI-test-automation/9//#testresult/d002e248cb91e6d0","status":"failed","statusDetails":"AssertionError: The message in the alert box does not match the expected","time":{"start":1689794743512,"stop":1689794745834,"duration":2322}},{"uid":"f4f79a2de4419c23","reportUrl":"https://IlyaYaP.github.io/UI-test-automation/8//#testresult/f4f79a2de4419c23","status":"passed","time":{"start":1689790057926,"stop":1689790059054,"duration":1128}},{"uid":"5ef422e2f0bb69","reportUrl":"https://IlyaYaP.github.io/UI-test-automation/7//#testresult/5ef422e2f0bb69","status":"broken","statusDetails":"selenium.common.exceptions.WebDriverException: Message: unknown error: Chrome failed to start: exited abnormally.\n  (unknown error: DevToolsActivePort file doesn't exist)\n  (The process started from chrome location /usr/bin/google-chrome is no longer running, so ChromeDriver is assuming that Chrome has crashed.)\nStacktrace:\n#0 0x5646ff1b94e3 <unknown>\n#1 0x5646feee8c76 <unknown>\n#2 0x5646fef11d78 <unknown>\n#3 0x5646fef0e029 <unknown>\n#4 0x5646fef4cccc <unknown>\n#5 0x5646fef4c47f <unknown>\n#6 0x5646fef43de3 <unknown>\n#7 0x5646fef192dd <unknown>\n#8 0x5646fef1a34e <unknown>\n#9 0x5646ff1793e4 <unknown>\n#10 0x5646ff17d3d7 <unknown>\n#11 0x5646ff187b20 <unknown>\n#12 0x5646ff17e023 <unknown>\n#13 0x5646ff14c1aa <unknown>\n#14 0x5646ff1a26b8 <unknown>\n#15 0x5646ff1a2847 <unknown>\n#16 0x5646ff1b2243 <unknown>\n#17 0x7efc5221fb43 <unknown>","time":{"start":1689710315006,"stop":1689710315006,"duration":0}},{"uid":"f4fb6535ca224152","reportUrl":"https://IlyaYaP.github.io/UI-test-automation/6//#testresult/f4fb6535ca224152","status":"broken","statusDetails":"selenium.common.exceptions.WebDriverException: Message: unknown error: Chrome failed to start: exited abnormally.\n  (unknown error: DevToolsActivePort file doesn't exist)\n  (The process started from chrome location /usr/bin/google-chrome is no longer running, so ChromeDriver is assuming that Chrome has crashed.)\nStacktrace:\n#0 0x55fcfda0f4e3 <unknown>\n#1 0x55fcfd73ec76 <unknown>\n#2 0x55fcfd767d78 <unknown>\n#3 0x55fcfd764029 <unknown>\n#4 0x55fcfd7a2ccc <unknown>\n#5 0x55fcfd7a247f <unknown>\n#6 0x55fcfd799de3 <unknown>\n#7 0x55fcfd76f2dd <unknown>\n#8 0x55fcfd77034e <unknown>\n#9 0x55fcfd9cf3e4 <unknown>\n#10 0x55fcfd9d33d7 <unknown>\n#11 0x55fcfd9ddb20 <unknown>\n#12 0x55fcfd9d4023 <unknown>\n#13 0x55fcfd9a21aa <unknown>\n#14 0x55fcfd9f86b8 <unknown>\n#15 0x55fcfd9f8847 <unknown>\n#16 0x55fcfda08243 <unknown>\n#17 0x7ff9907ffb43 <unknown>","time":{"start":1689707519575,"stop":1689707519575,"duration":0}},{"uid":"ad44e57c9b22356c","reportUrl":"https://IlyaYaP.github.io/UI-test-automation/5//#testresult/ad44e57c9b22356c","status":"passed","time":{"start":1689703194153,"stop":1689703195083,"duration":930}},{"uid":"1d9c226c7aafb1b","reportUrl":"https://IlyaYaP.github.io/UI-test-automation/4//#testresult/1d9c226c7aafb1b","status":"broken","statusDetails":"selenium.common.exceptions.WebDriverException: Message: unknown error: Chrome failed to start: exited abnormally.\n  (unknown error: DevToolsActivePort file doesn't exist)\n  (The process started from chrome location /usr/bin/google-chrome is no longer running, so ChromeDriver is assuming that Chrome has crashed.)\nStacktrace:\n#0 0x5611e96ac4e3 <unknown>\n#1 0x5611e93dbc76 <unknown>\n#2 0x5611e9404d78 <unknown>\n#3 0x5611e9401029 <unknown>\n#4 0x5611e943fccc <unknown>\n#5 0x5611e943f47f <unknown>\n#6 0x5611e9436de3 <unknown>\n#7 0x5611e940c2dd <unknown>\n#8 0x5611e940d34e <unknown>\n#9 0x5611e966c3e4 <unknown>\n#10 0x5611e96703d7 <unknown>\n#11 0x5611e967ab20 <unknown>\n#12 0x5611e9671023 <unknown>\n#13 0x5611e963f1aa <unknown>\n#14 0x5611e96956b8 <unknown>\n#15 0x5611e9695847 <unknown>\n#16 0x5611e96a5243 <unknown>\n#17 0x7f8dbedfab43 <unknown>","time":{"start":1689703051935,"stop":1689703051935,"duration":0}},{"uid":"97400d79ca2efb15","reportUrl":"https://IlyaYaP.github.io/UI-test-automation/3//#testresult/97400d79ca2efb15","status":"passed","time":{"start":1689677407901,"stop":1689677409816,"duration":1915}},{"uid":"b34a34496d9e947e","reportUrl":"https://IlyaYaP.github.io/UI-test-automation/2//#testresult/b34a34496d9e947e","status":"broken","statusDetails":"selenium.common.exceptions.WebDriverException: Message: unknown error: Chrome failed to start: exited abnormally.\n  (unknown error: DevToolsActivePort file doesn't exist)\n  (The process started from chrome location /usr/bin/google-chrome is no longer running, so ChromeDriver is assuming that Chrome has crashed.)\nStacktrace:\n#0 0x5601d9d054e3 <unknown>\n#1 0x5601d9a34c76 <unknown>\n#2 0x5601d9a5dd78 <unknown>\n#3 0x5601d9a5a029 <unknown>\n#4 0x5601d9a98ccc <unknown>\n#5 0x5601d9a9847f <unknown>\n#6 0x5601d9a8fde3 <unknown>\n#7 0x5601d9a652dd <unknown>\n#8 0x5601d9a6634e <unknown>\n#9 0x5601d9cc53e4 <unknown>\n#10 0x5601d9cc93d7 <unknown>\n#11 0x5601d9cd3b20 <unknown>\n#12 0x5601d9cca023 <unknown>\n#13 0x5601d9c981aa <unknown>\n#14 0x5601d9cee6b8 <unknown>\n#15 0x5601d9cee847 <unknown>\n#16 0x5601d9cfe243 <unknown>\n#17 0x7fde49657b43 <unknown>","time":{"start":1689691030139,"stop":1689691030139,"duration":0}},{"uid":"ba745d0dcae4cfb8","reportUrl":"https://IlyaYaP.github.io/UI-test-automation/1//#testresult/ba745d0dcae4cfb8","status":"passed","time":{"start":1689684982068,"stop":1689684983913,"duration":1845}}]},"9cb44c63571ee1264f53e4b39609c10a":{"statistic":{"failed":0,"broken":4,"skipped":0,"passed":1,"unknown":0,"total":5},"items":[{"uid":"ff84eb0a8190a4cf","reportUrl":"https://IlyaYaP.github.io/UI-test-automation/18//#testresult/ff84eb0a8190a4cf","status":"broken","statusDetails":"ValueError: There is no such driver by url https://chromedriver.storage.googleapis.com/LATEST_RELEASE_115.0.5790","time":{"start":1690534145119,"stop":1690534145119,"duration":0}},{"uid":"aeaf468c57c39bce","reportUrl":"https://IlyaYaP.github.io/UI-test-automation/17//#testresult/aeaf468c57c39bce","status":"broken","statusDetails":"ValueError: There is no such driver by url https://chromedriver.storage.googleapis.com/LATEST_RELEASE_115.0.5790","time":{"start":1690534006360,"stop":1690534006360,"duration":0}},{"uid":"2ee9c59bdd3e831e","reportUrl":"https://IlyaYaP.github.io/UI-test-automation/16//#testresult/2ee9c59bdd3e831e","status":"broken","statusDetails":"ValueError: There is no such driver by url https://chromedriver.storage.googleapis.com/LATEST_RELEASE_115.0.5790","time":{"start":1690364465984,"stop":1690364465984,"duration":0}},{"uid":"15d795e7090f9b9e","reportUrl":"https://IlyaYaP.github.io/UI-test-automation/15//#testresult/15d795e7090f9b9e","status":"broken","statusDetails":"selenium.common.exceptions.WebDriverException: Message: unknown error: Chrome failed to start: exited abnormally.\n  (unknown error: DevToolsActivePort file doesn't exist)\n  (The process started from chrome location /usr/bin/google-chrome is no longer running, so ChromeDriver is assuming that Chrome has crashed.)\nStacktrace:\n#0 0x55982e1bf4e3 <unknown>\n#1 0x55982deeec76 <unknown>\n#2 0x55982df17d78 <unknown>\n#3 0x55982df14029 <unknown>\n#4 0x55982df52ccc <unknown>\n#5 0x55982df5247f <unknown>\n#6 0x55982df49de3 <unknown>\n#7 0x55982df1f2dd <unknown>\n#8 0x55982df2034e <unknown>\n#9 0x55982e17f3e4 <unknown>\n#10 0x55982e1833d7 <unknown>\n#11 0x55982e18db20 <unknown>\n#12 0x55982e184023 <unknown>\n#13 0x55982e1521aa <unknown>\n#14 0x55982e1a86b8 <unknown>\n#15 0x55982e1a8847 <unknown>\n#16 0x55982e1b8243 <unknown>\n#17 0x7f2e8c273b43 <unknown>","time":{"start":1690292034668,"stop":1690292034668,"duration":0}},{"uid":"156832f12f860966","reportUrl":"https://IlyaYaP.github.io/UI-test-automation/13//#testresult/156832f12f860966","status":"passed","time":{"start":1689967871607,"stop":1689967872619,"duration":1012}}]}}