{"91c5655a9ad3e2c8484acd2940c76e08":{"statistic":{"failed":0,"broken":0,"skipped":0,"passed":6,"unknown":0,"total":6},"items":[{"uid":"f01b6bb7111ba1e1","reportUrl":"https://IlyaYaP.github.io/UI-test-automation/25//#testresult/f01b6bb7111ba1e1","status":"passed","time":{"start":1690660252309,"stop":1690660253769,"duration":1460}},{"uid":"947fd9fe7159b5eb","reportUrl":"https://IlyaYaP.github.io/UI-test-automation/25//#testresult/947fd9fe7159b5eb","status":"passed","time":{"start":1690659774392,"stop":1690659775936,"duration":1544}},{"uid":"3629957314e73590","reportUrl":"https://IlyaYaP.github.io/UI-test-automation/24//#testresult/3629957314e73590","status":"passed","time":{"start":1690659383307,"stop":1690659384995,"duration":1688}},{"uid":"7be9d146663a1cb0","reportUrl":"https://IlyaYaP.github.io/UI-test-automation/24//#testresult/7be9d146663a1cb0","status":"passed","time":{"start":1690659194538,"stop":1690659196058,"duration":1520}},{"uid":"b45b9884baae79a8","reportUrl":"https://IlyaYaP.github.io/UI-test-automation/24//#testresult/b45b9884baae79a8","status":"passed","time":{"start":1690658938157,"stop":1690658939631,"duration":1474}},{"uid":"cd0a5e28b772d9cd","reportUrl":"https://IlyaYaP.github.io/UI-test-automation/24//#testresult/cd0a5e28b772d9cd","status":"passed","time":{"start":1690658464448,"stop":1690658466141,"duration":1693}}]},"c517ef34370fd9b3892a915942e0b91f":{"statistic":{"failed":0,"broken":8,"skipped":0,"passed":11,"unknown":0,"total":19},"items":[{"uid":"f45924877a4fa4da","reportUrl":"https://IlyaYaP.github.io/UI-test-automation/25//#testresult/f45924877a4fa4da","status":"passed","time":{"start":1690660242692,"stop":1690660245579,"duration":2887}},{"uid":"a1dd204b697af72e","reportUrl":"https://IlyaYaP.github.io/UI-test-automation/25//#testresult/a1dd204b697af72e","status":"passed","time":{"start":1690659768501,"stop":1690659769960,"duration":1459}},{"uid":"de710e811ebfb2cc","reportUrl":"https://IlyaYaP.github.io/UI-test-automation/24//#testresult/de710e811ebfb2cc","status":"passed","time":{"start":1690659376424,"stop":1690659378245,"duration":1821}},{"uid":"6575d39d60a57d48","reportUrl":"https://IlyaYaP.github.io/UI-test-automation/24//#testresult/6575d39d60a57d48","status":"passed","time":{"start":1690659188584,"stop":1690659190111,"duration":1527}},{"uid":"68975fe3824a9202","reportUrl":"https://IlyaYaP.github.io/UI-test-automation/24//#testresult/68975fe3824a9202","status":"passed","time":{"start":1690658932097,"stop":1690658933570,"duration":1473}},{"uid":"ecb66962f0e62510","reportUrl":"https://IlyaYaP.github.io/UI-test-automation/24//#testresult/ecb66962f0e62510","status":"passed","time":{"start":1690658457094,"stop":1690658459145,"duration":2051}},{"uid":"6870e3c08f70feb5","reportUrl":"https://IlyaYaP.github.io/UI-test-automation/23//#testresult/6870e3c08f70feb5","status":"broken","statusDetails":"selenium.common.exceptions.WebDriverException: Message: unknown error: Chrome failed to start: exited abnormally.\n  (unknown error: DevToolsActivePort file doesn't exist)\n  (The process started from chrome location /usr/bin/google-chrome is no longer running, so ChromeDriver is assuming that Chrome has crashed.)\nStacktrace:\n#0 0x55b77787e783 <unknown>\n#1 0x55b7775aa917 <unknown>\n#2 0x55b7775d5978 <unknown>\n#3 0x55b7775d29c9 <unknown>\n#4 0x55b777612a13 <unknown>\n#5 0x55b77761215f <unknown>\n#6 0x55b777609bd3 <unknown>\n#7 0x55b7775dda7b <unknown>\n#8 0x55b7775de81e <unknown>\n#9 0x55b77783fe98 <unknown>\n#10 0x55b777843d67 <unknown>\n#11 0x55b77784e32c <unknown>\n#12 0x55b777844993 <unknown>\n#13 0x55b777813827 <unknown>\n#14 0x55b7778688a8 <unknown>\n#15 0x55b777868a36 <unknown>\n#16 0x55b7778775f3 <unknown>\n#17 0x7f11857b4b43 <unknown>","time":{"start":1690550715934,"stop":1690550715934,"duration":0}},{"uid":"6a4562b7620d4027","reportUrl":"https://IlyaYaP.github.io/UI-test-automation/22//#testresult/6a4562b7620d4027","status":"broken","statusDetails":"selenium.common.exceptions.WebDriverException: Message: unknown error: Chrome failed to start: exited abnormally.\n  (unknown error: DevToolsActivePort file doesn't exist)\n  (The process started from chrome location /usr/bin/google-chrome is no longer running, so ChromeDriver is assuming that Chrome has crashed.)\nStacktrace:\n#0 0x5608b1c68783 <unknown>\n#1 0x5608b1994917 <unknown>\n#2 0x5608b19bf978 <unknown>\n#3 0x5608b19bc9c9 <unknown>\n#4 0x5608b19fca13 <unknown>\n#5 0x5608b19fc15f <unknown>\n#6 0x5608b19f3bd3 <unknown>\n#7 0x5608b19c7a7b <unknown>\n#8 0x5608b19c881e <unknown>\n#9 0x5608b1c29e98 <unknown>\n#10 0x5608b1c2dd67 <unknown>\n#11 0x5608b1c3832c <unknown>\n#12 0x5608b1c2e993 <unknown>\n#13 0x5608b1bfd827 <unknown>\n#14 0x5608b1c528a8 <unknown>\n#15 0x5608b1c52a36 <unknown>\n#16 0x5608b1c615f3 <unknown>\n#17 0x7fe6d6f7cb43 <unknown>","time":{"start":1690549133981,"stop":1690549133981,"duration":0}},{"uid":"98ae800ed1b7751c","reportUrl":"https://IlyaYaP.github.io/UI-test-automation/21//#testresult/98ae800ed1b7751c","status":"broken","statusDetails":"selenium.common.exceptions.WebDriverException: Message: unknown error: Chrome failed to start: exited abnormally.\n  (unknown error: DevToolsActivePort file doesn't exist)\n  (The process started from chrome location /usr/bin/google-chrome is no longer running, so ChromeDriver is assuming that Chrome has crashed.)\nStacktrace:\n#0 0x55f020f15783 <unknown>\n#1 0x55f020c41917 <unknown>\n#2 0x55f020c6c978 <unknown>\n#3 0x55f020c699c9 <unknown>\n#4 0x55f020ca9a13 <unknown>\n#5 0x55f020ca915f <unknown>\n#6 0x55f020ca0bd3 <unknown>\n#7 0x55f020c74a7b <unknown>\n#8 0x55f020c7581e <unknown>\n#9 0x55f020ed6e98 <unknown>\n#10 0x55f020edad67 <unknown>\n#11 0x55f020ee532c <unknown>\n#12 0x55f020edb993 <unknown>\n#13 0x55f020eaa827 <unknown>\n#14 0x55f020eff8a8 <unknown>\n#15 0x55f020effa36 <unknown>\n#16 0x55f020f0e5f3 <unknown>\n#17 0x7fb9bb332b43 <unknown>","time":{"start":1690545972856,"stop":1690545972856,"duration":0}},{"uid":"b93afed245768132","reportUrl":"https://IlyaYaP.github.io/UI-test-automation/20//#testresult/b93afed245768132","status":"passed","time":{"start":1690535267370,"stop":1690535268761,"duration":1391}},{"uid":"d153af4ff3268c8d","reportUrl":"https://IlyaYaP.github.io/UI-test-automation/19//#testresult/d153af4ff3268c8d","status":"broken","statusDetails":"ValueError: There is no such driver by url https://chromedriver.storage.googleapis.com/LATEST_RELEASE_115.0.5790","time":{"start":1690534680188,"stop":1690534680188,"duration":0}},{"uid":"1ce8209d5904522c","reportUrl":"https://IlyaYaP.github.io/UI-test-automation/18//#testresult/1ce8209d5904522c","status":"broken","statusDetails":"ValueError: There is no such driver by url https://chromedriver.storage.googleapis.com/LATEST_RELEASE_115.0.5790","time":{"start":1690534145581,"stop":1690534145581,"duration":0}},{"uid":"41802d0c31ed3733","reportUrl":"https://IlyaYaP.github.io/UI-test-automation/17//#testresult/41802d0c31ed3733","status":"broken","statusDetails":"ValueError: There is no such driver by url https://chromedriver.storage.googleapis.com/LATEST_RELEASE_115.0.5790","time":{"start":1690534006668,"stop":1690534006668,"duration":0}},{"uid":"5d425e2fbf6f6ad3","reportUrl":"https://IlyaYaP.github.io/UI-test-automation/16//#testresult/5d425e2fbf6f6ad3","status":"broken","statusDetails":"ValueError: There is no such driver by url https://chromedriver.storage.googleapis.com/LATEST_RELEASE_115.0.5790","time":{"start":1690364468907,"stop":1690364468907,"duration":0}},{"uid":"1c3b042200d7bf4b","reportUrl":"https://IlyaYaP.github.io/UI-test-automation/15//#testresult/1c3b042200d7bf4b","status":"broken","statusDetails":"selenium.common.exceptions.WebDriverException: Message: unknown error: Chrome failed to start: exited abnormally.\n  (unknown error: DevToolsActivePort file doesn't exist)\n  (The process started from chrome location /usr/bin/google-chrome is no longer running, so ChromeDriver is assuming that Chrome has crashed.)\nStacktrace:\n#0 0x563e45e084e3 <unknown>\n#1 0x563e45b37c76 <unknown>\n#2 0x563e45b60d78 <unknown>\n#3 0x563e45b5d029 <unknown>\n#4 0x563e45b9bccc <unknown>\n#5 0x563e45b9b47f <unknown>\n#6 0x563e45b92de3 <unknown>\n#7 0x563e45b682dd <unknown>\n#8 0x563e45b6934e <unknown>\n#9 0x563e45dc83e4 <unknown>\n#10 0x563e45dcc3d7 <unknown>\n#11 0x563e45dd6b20 <unknown>\n#12 0x563e45dcd023 <unknown>\n#13 0x563e45d9b1aa <unknown>\n#14 0x563e45df16b8 <unknown>\n#15 0x563e45df1847 <unknown>\n#16 0x563e45e01243 <unknown>\n#17 0x7f651c231b43 <unknown>","time":{"start":1690292036666,"stop":1690292036666,"duration":0}},{"uid":"4698bf81faf93987","reportUrl":"https://IlyaYaP.github.io/UI-test-automation/13//#testresult/4698bf81faf93987","status":"passed","time":{"start":1689967873331,"stop":1689967874638,"duration":1307}},{"uid":"369d59c516735674","reportUrl":"https://IlyaYaP.github.io/UI-test-automation/12//#testresult/369d59c516735674","status":"passed","time":{"start":1689882161257,"stop":1689882162973,"duration":1716}},{"uid":"74e4354b84b013e2","reportUrl":"https://IlyaYaP.github.io/UI-test-automation/11//#testresult/74e4354b84b013e2","status":"passed","time":{"start":1689880297358,"stop":1689880299513,"duration":2155}},{"uid":"e085630b01e986","reportUrl":"https://IlyaYaP.github.io/UI-test-automation/10//#testresult/e085630b01e986","status":"passed","time":{"start":1689880218418,"stop":1689880221538,"duration":3120}}]},"8ba6a131cb9b43313debe0c792d10484":{"statistic":{"failed":1,"broken":8,"skipped":0,"passed":10,"unknown":0,"total":19},"items":[{"uid":"b7c244b211f65cc0","reportUrl":"https://IlyaYaP.github.io/UI-test-automation/25//#testresult/b7c244b211f65cc0","status":"failed","statusDetails":"AssertionError: Login name is not presented.","time":{"start":1690660246262,"stop":1690660250037,"duration":3775}},{"uid":"cc824adfed187691","reportUrl":"https://IlyaYaP.github.io/UI-test-automation/25//#testresult/cc824adfed187691","status":"passed","time":{"start":1690659770641,"stop":1690659772120,"duration":1479}},{"uid":"5b985b41eae73353","reportUrl":"https://IlyaYaP.github.io/UI-test-automation/24//#testresult/5b985b41eae73353","status":"passed","time":{"start":1690659378980,"stop":1690659380722,"duration":1742}},{"uid":"655b21734b7fce8e","reportUrl":"https://IlyaYaP.github.io/UI-test-automation/24//#testresult/655b21734b7fce8e","status":"passed","time":{"start":1690659190798,"stop":1690659192256,"duration":1458}},{"uid":"76ec2054c3894639","reportUrl":"https://IlyaYaP.github.io/UI-test-automation/24//#testresult/76ec2054c3894639","status":"passed","time":{"start":1690658934278,"stop":1690658935769,"duration":1491}},{"uid":"83d2ad2daa09fc18","reportUrl":"https://IlyaYaP.github.io/UI-test-automation/24//#testresult/83d2ad2daa09fc18","status":"passed","time":{"start":1690658459898,"stop":1690658461722,"duration":1824}},{"uid":"b6331b18fa5301ed","reportUrl":"https://IlyaYaP.github.io/UI-test-automation/23//#testresult/b6331b18fa5301ed","status":"broken","statusDetails":"selenium.common.exceptions.WebDriverException: Message: unknown error: Chrome failed to start: exited abnormally.\n  (unknown error: DevToolsActivePort file doesn't exist)\n  (The process started from chrome location /usr/bin/google-chrome is no longer running, so ChromeDriver is assuming that Chrome has crashed.)\nStacktrace:\n#0 0x55710aa6b783 <unknown>\n#1 0x55710a797917 <unknown>\n#2 0x55710a7c2978 <unknown>\n#3 0x55710a7bf9c9 <unknown>\n#4 0x55710a7ffa13 <unknown>\n#5 0x55710a7ff15f <unknown>\n#6 0x55710a7f6bd3 <unknown>\n#7 0x55710a7caa7b <unknown>\n#8 0x55710a7cb81e <unknown>\n#9 0x55710aa2ce98 <unknown>\n#10 0x55710aa30d67 <unknown>\n#11 0x55710aa3b32c <unknown>\n#12 0x55710aa31993 <unknown>\n#13 0x55710aa00827 <unknown>\n#14 0x55710aa558a8 <unknown>\n#15 0x55710aa55a36 <unknown>\n#16 0x55710aa645f3 <unknown>\n#17 0x7f1abc28db43 <unknown>","time":{"start":1690550716610,"stop":1690550716610,"duration":0}},{"uid":"e4888a3d64072e3f","reportUrl":"https://IlyaYaP.github.io/UI-test-automation/22//#testresult/e4888a3d64072e3f","status":"broken","statusDetails":"selenium.common.exceptions.WebDriverException: Message: unknown error: Chrome failed to start: exited abnormally.\n  (unknown error: DevToolsActivePort file doesn't exist)\n  (The process started from chrome location /usr/bin/google-chrome is no longer running, so ChromeDriver is assuming that Chrome has crashed.)\nStacktrace:\n#0 0x5597fe606783 <unknown>\n#1 0x5597fe332917 <unknown>\n#2 0x5597fe35d978 <unknown>\n#3 0x5597fe35a9c9 <unknown>\n#4 0x5597fe39aa13 <unknown>\n#5 0x5597fe39a15f <unknown>\n#6 0x5597fe391bd3 <unknown>\n#7 0x5597fe365a7b <unknown>\n#8 0x5597fe36681e <unknown>\n#9 0x5597fe5c7e98 <unknown>\n#10 0x5597fe5cbd67 <unknown>\n#11 0x5597fe5d632c <unknown>\n#12 0x5597fe5cc993 <unknown>\n#13 0x5597fe59b827 <unknown>\n#14 0x5597fe5f08a8 <unknown>\n#15 0x5597fe5f0a36 <unknown>\n#16 0x5597fe5ff5f3 <unknown>\n#17 0x7f7837d0cb43 <unknown>","time":{"start":1690549134600,"stop":1690549134600,"duration":0}},{"uid":"c325651b5ed9efa1","reportUrl":"https://IlyaYaP.github.io/UI-test-automation/21//#testresult/c325651b5ed9efa1","status":"broken","statusDetails":"selenium.common.exceptions.WebDriverException: Message: unknown error: Chrome failed to start: exited abnormally.\n  (unknown error: DevToolsActivePort file doesn't exist)\n  (The process started from chrome location /usr/bin/google-chrome is no longer running, so ChromeDriver is assuming that Chrome has crashed.)\nStacktrace:\n#0 0x55ae75e93783 <unknown>\n#1 0x55ae75bbf917 <unknown>\n#2 0x55ae75bea978 <unknown>\n#3 0x55ae75be79c9 <unknown>\n#4 0x55ae75c27a13 <unknown>\n#5 0x55ae75c2715f <unknown>\n#6 0x55ae75c1ebd3 <unknown>\n#7 0x55ae75bf2a7b <unknown>\n#8 0x55ae75bf381e <unknown>\n#9 0x55ae75e54e98 <unknown>\n#10 0x55ae75e58d67 <unknown>\n#11 0x55ae75e6332c <unknown>\n#12 0x55ae75e59993 <unknown>\n#13 0x55ae75e28827 <unknown>\n#14 0x55ae75e7d8a8 <unknown>\n#15 0x55ae75e7da36 <unknown>\n#16 0x55ae75e8c5f3 <unknown>\n#17 0x7f5a8bcefb43 <unknown>","time":{"start":1690545973480,"stop":1690545973480,"duration":0}},{"uid":"2ad4622694cec1b2","reportUrl":"https://IlyaYaP.github.io/UI-test-automation/20//#testresult/2ad4622694cec1b2","status":"passed","time":{"start":1690535269494,"stop":1690535270788,"duration":1294}},{"uid":"858920968e147d6c","reportUrl":"https://IlyaYaP.github.io/UI-test-automation/19//#testresult/858920968e147d6c","status":"broken","statusDetails":"ValueError: There is no such driver by url https://chromedriver.storage.googleapis.com/LATEST_RELEASE_115.0.5790","time":{"start":1690534680387,"stop":1690534680387,"duration":0}},{"uid":"6f47c1c8699d0f9","reportUrl":"https://IlyaYaP.github.io/UI-test-automation/18//#testresult/6f47c1c8699d0f9","status":"broken","statusDetails":"ValueError: There is no such driver by url https://chromedriver.storage.googleapis.com/LATEST_RELEASE_115.0.5790","time":{"start":1690534145768,"stop":1690534145768,"duration":0}},{"uid":"3c3a170d5881fc6e","reportUrl":"https://IlyaYaP.github.io/UI-test-automation/17//#testresult/3c3a170d5881fc6e","status":"broken","statusDetails":"ValueError: There is no such driver by url https://chromedriver.storage.googleapis.com/LATEST_RELEASE_115.0.5790","time":{"start":1690534006822,"stop":1690534006822,"duration":0}},{"uid":"2cba565fd0aa7c36","reportUrl":"https://IlyaYaP.github.io/UI-test-automation/16//#testresult/2cba565fd0aa7c36","status":"broken","statusDetails":"ValueError: There is no such driver by url https://chromedriver.storage.googleapis.com/LATEST_RELEASE_115.0.5790","time":{"start":1690364469112,"stop":1690364469112,"duration":0}},{"uid":"6abc03fc203b531c","reportUrl":"https://IlyaYaP.github.io/UI-test-automation/15//#testresult/6abc03fc203b531c","status":"broken","statusDetails":"selenium.common.exceptions.WebDriverException: Message: unknown error: Chrome failed to start: exited abnormally.\n  (unknown error: DevToolsActivePort file doesn't exist)\n  (The process started from chrome location /usr/bin/google-chrome is no longer running, so ChromeDriver is assuming that Chrome has crashed.)\nStacktrace:\n#0 0x55f292e004e3 <unknown>\n#1 0x55f292b2fc76 <unknown>\n#2 0x55f292b58d78 <unknown>\n#3 0x55f292b55029 <unknown>\n#4 0x55f292b93ccc <unknown>\n#5 0x55f292b9347f <unknown>\n#6 0x55f292b8ade3 <unknown>\n#7 0x55f292b602dd <unknown>\n#8 0x55f292b6134e <unknown>\n#9 0x55f292dc03e4 <unknown>\n#10 0x55f292dc43d7 <unknown>\n#11 0x55f292dceb20 <unknown>\n#12 0x55f292dc5023 <unknown>\n#13 0x55f292d931aa <unknown>\n#14 0x55f292de96b8 <unknown>\n#15 0x55f292de9847 <unknown>\n#16 0x55f292df9243 <unknown>\n#17 0x7fcded595b43 <unknown>","time":{"start":1690292037388,"stop":1690292037388,"duration":0}},{"uid":"253a0bb4fec6c64f","reportUrl":"https://IlyaYaP.github.io/UI-test-automation/13//#testresult/253a0bb4fec6c64f","status":"passed","time":{"start":1689967875361,"stop":1689967877136,"duration":1775}},{"uid":"9d1d730ec2d79666","reportUrl":"https://IlyaYaP.github.io/UI-test-automation/12//#testresult/9d1d730ec2d79666","status":"passed","time":{"start":1689882163711,"stop":1689882165576,"duration":1865}},{"uid":"691567794ce5c075","reportUrl":"https://IlyaYaP.github.io/UI-test-automation/11//#testresult/691567794ce5c075","status":"passed","time":{"start":1689880300224,"stop":1689880301929,"duration":1705}},{"uid":"fcf6c53b893fa2c1","reportUrl":"https://IlyaYaP.github.io/UI-test-automation/10//#testresult/fcf6c53b893fa2c1","status":"passed","time":{"start":1689880222317,"stop":1689880224345,"duration":2028}}]},"8a2d8fc7a8bf0a43f572cfba82000789":{"statistic":{"failed":0,"broken":9,"skipped":0,"passed":6,"unknown":0,"total":15},"items":[{"uid":"a0373f27b4e9ac55","reportUrl":"https://IlyaYaP.github.io/UI-test-automation/25//#testresult/a0373f27b4e9ac55","status":"passed","time":{"start":1690660256527,"stop":1690660259180,"duration":2653}},{"uid":"1ef7f5ec1406fa78","reportUrl":"https://IlyaYaP.github.io/UI-test-automation/25//#testresult/1ef7f5ec1406fa78","status":"passed","time":{"start":1690659778730,"stop":1690659781605,"duration":2875}},{"uid":"dfe50fc2f631e0e5","reportUrl":"https://IlyaYaP.github.io/UI-test-automation/24//#testresult/dfe50fc2f631e0e5","status":"passed","time":{"start":1690659387040,"stop":1690659390341,"duration":3301}},{"uid":"6bcd540037f92781","reportUrl":"https://IlyaYaP.github.io/UI-test-automation/24//#testresult/6bcd540037f92781","status":"passed","time":{"start":1690659197952,"stop":1690659200754,"duration":2802}},{"uid":"87857dab4d379160","reportUrl":"https://IlyaYaP.github.io/UI-test-automation/24//#testresult/87857dab4d379160","status":"broken","statusDetails":"selenium.common.exceptions.UnexpectedAlertPresentException: Alert Text: Please fill out Name and Creditcard.\nMessage: unexpected alert open: {Alert text : Please fill out Name and Creditcard.}\n  (Session info: headless chrome=115.0.5790.102)\nStacktrace:\n#0 0x562ece709783 <unknown>\n#1 0x562ece435917 <unknown>\n#2 0x562ece4ad783 <unknown>\n#3 0x562ece494bd3 <unknown>\n#4 0x562ece468a7b <unknown>\n#5 0x562ece46981e <unknown>\n#6 0x562ece6cae98 <unknown>\n#7 0x562ece6ced67 <unknown>\n#8 0x562ece6d932c <unknown>\n#9 0x562ece6cf993 <unknown>\n#10 0x562ece69e827 <unknown>\n#11 0x562ece6f38a8 <unknown>\n#12 0x562ece6f3a36 <unknown>\n#13 0x562ece7025f3 <unknown>\n#14 0x7f4848defb43 <unknown>","time":{"start":1690658942549,"stop":1690658945184,"duration":2635}},{"uid":"8d1a38d4aa29cd8b","reportUrl":"https://IlyaYaP.github.io/UI-test-automation/24//#testresult/8d1a38d4aa29cd8b","status":"passed","time":{"start":1690658468289,"stop":1690658471653,"duration":3364}},{"uid":"7d557a23784a8ae0","reportUrl":"https://IlyaYaP.github.io/UI-test-automation/23//#testresult/7d557a23784a8ae0","status":"broken","statusDetails":"selenium.common.exceptions.WebDriverException: Message: unknown error: Chrome failed to start: exited abnormally.\n  (unknown error: DevToolsActivePort file doesn't exist)\n  (The process started from chrome location /usr/bin/google-chrome is no longer running, so ChromeDriver is assuming that Chrome has crashed.)\nStacktrace:\n#0 0x55aa0b99f783 <unknown>\n#1 0x55aa0b6cb917 <unknown>\n#2 0x55aa0b6f6978 <unknown>\n#3 0x55aa0b6f39c9 <unknown>\n#4 0x55aa0b733a13 <unknown>\n#5 0x55aa0b73315f <unknown>\n#6 0x55aa0b72abd3 <unknown>\n#7 0x55aa0b6fea7b <unknown>\n#8 0x55aa0b6ff81e <unknown>\n#9 0x55aa0b960e98 <unknown>\n#10 0x55aa0b964d67 <unknown>\n#11 0x55aa0b96f32c <unknown>\n#12 0x55aa0b965993 <unknown>\n#13 0x55aa0b934827 <unknown>\n#14 0x55aa0b9898a8 <unknown>\n#15 0x55aa0b989a36 <unknown>\n#16 0x55aa0b9985f3 <unknown>\n#17 0x7fa4621ffb43 <unknown>","time":{"start":1690550717285,"stop":1690550717285,"duration":0}},{"uid":"2bf73e4b0a6fef18","reportUrl":"https://IlyaYaP.github.io/UI-test-automation/22//#testresult/2bf73e4b0a6fef18","status":"broken","statusDetails":"selenium.common.exceptions.WebDriverException: Message: unknown error: Chrome failed to start: exited abnormally.\n  (unknown error: DevToolsActivePort file doesn't exist)\n  (The process started from chrome location /usr/bin/google-chrome is no longer running, so ChromeDriver is assuming that Chrome has crashed.)\nStacktrace:\n#0 0x563afa6de783 <unknown>\n#1 0x563afa40a917 <unknown>\n#2 0x563afa435978 <unknown>\n#3 0x563afa4329c9 <unknown>\n#4 0x563afa472a13 <unknown>\n#5 0x563afa47215f <unknown>\n#6 0x563afa469bd3 <unknown>\n#7 0x563afa43da7b <unknown>\n#8 0x563afa43e81e <unknown>\n#9 0x563afa69fe98 <unknown>\n#10 0x563afa6a3d67 <unknown>\n#11 0x563afa6ae32c <unknown>\n#12 0x563afa6a4993 <unknown>\n#13 0x563afa673827 <unknown>\n#14 0x563afa6c88a8 <unknown>\n#15 0x563afa6c8a36 <unknown>\n#16 0x563afa6d75f3 <unknown>\n#17 0x7f6b59a70b43 <unknown>","time":{"start":1690549135219,"stop":1690549135219,"duration":0}},{"uid":"36d1baeb057a8f37","reportUrl":"https://IlyaYaP.github.io/UI-test-automation/21//#testresult/36d1baeb057a8f37","status":"broken","statusDetails":"selenium.common.exceptions.WebDriverException: Message: unknown error: Chrome failed to start: exited abnormally.\n  (unknown error: DevToolsActivePort file doesn't exist)\n  (The process started from chrome location /usr/bin/google-chrome is no longer running, so ChromeDriver is assuming that Chrome has crashed.)\nStacktrace:\n#0 0x5560d4176783 <unknown>\n#1 0x5560d3ea2917 <unknown>\n#2 0x5560d3ecd978 <unknown>\n#3 0x5560d3eca9c9 <unknown>\n#4 0x5560d3f0aa13 <unknown>\n#5 0x5560d3f0a15f <unknown>\n#6 0x5560d3f01bd3 <unknown>\n#7 0x5560d3ed5a7b <unknown>\n#8 0x5560d3ed681e <unknown>\n#9 0x5560d4137e98 <unknown>\n#10 0x5560d413bd67 <unknown>\n#11 0x5560d414632c <unknown>\n#12 0x5560d413c993 <unknown>\n#13 0x5560d410b827 <unknown>\n#14 0x5560d41608a8 <unknown>\n#15 0x5560d4160a36 <unknown>\n#16 0x5560d416f5f3 <unknown>\n#17 0x7f955d6eeb43 <unknown>","time":{"start":1690545974105,"stop":1690545974105,"duration":0}},{"uid":"1e586730c155a335","reportUrl":"https://IlyaYaP.github.io/UI-test-automation/20//#testresult/1e586730c155a335","status":"passed","time":{"start":1690535271510,"stop":1690535273352,"duration":1842}},{"uid":"729e1638f831178c","reportUrl":"https://IlyaYaP.github.io/UI-test-automation/19//#testresult/729e1638f831178c","status":"broken","statusDetails":"ValueError: There is no such driver by url https://chromedriver.storage.googleapis.com/LATEST_RELEASE_115.0.5790","time":{"start":1690534680564,"stop":1690534680564,"duration":0}},{"uid":"d4f19dfe141edfe","reportUrl":"https://IlyaYaP.github.io/UI-test-automation/18//#testresult/d4f19dfe141edfe","status":"broken","statusDetails":"ValueError: There is no such driver by url https://chromedriver.storage.googleapis.com/LATEST_RELEASE_115.0.5790","time":{"start":1690534145948,"stop":1690534145948,"duration":0}},{"uid":"2c3606db3cf1ba4b","reportUrl":"https://IlyaYaP.github.io/UI-test-automation/17//#testresult/2c3606db3cf1ba4b","status":"broken","statusDetails":"ValueError: There is no such driver by url https://chromedriver.storage.googleapis.com/LATEST_RELEASE_115.0.5790","time":{"start":1690534006977,"stop":1690534006977,"duration":0}},{"uid":"4cfd35b00d846de1","reportUrl":"https://IlyaYaP.github.io/UI-test-automation/16//#testresult/4cfd35b00d846de1","status":"broken","statusDetails":"ValueError: There is no such driver by url https://chromedriver.storage.googleapis.com/LATEST_RELEASE_115.0.5790","time":{"start":1690364469322,"stop":1690364469322,"duration":0}},{"uid":"7026632b7319d5e1","reportUrl":"https://IlyaYaP.github.io/UI-test-automation/15//#testresult/7026632b7319d5e1","status":"broken","statusDetails":"selenium.common.exceptions.WebDriverException: Message: unknown error: Chrome failed to start: exited abnormally.\n  (unknown error: DevToolsActivePort file doesn't exist)\n  (The process started from chrome location /usr/bin/google-chrome is no longer running, so ChromeDriver is assuming that Chrome has crashed.)\nStacktrace:\n#0 0x55de1dd014e3 <unknown>\n#1 0x55de1da30c76 <unknown>\n#2 0x55de1da59d78 <unknown>\n#3 0x55de1da56029 <unknown>\n#4 0x55de1da94ccc <unknown>\n#5 0x55de1da9447f <unknown>\n#6 0x55de1da8bde3 <unknown>\n#7 0x55de1da612dd <unknown>\n#8 0x55de1da6234e <unknown>\n#9 0x55de1dcc13e4 <unknown>\n#10 0x55de1dcc53d7 <unknown>\n#11 0x55de1dccfb20 <unknown>\n#12 0x55de1dcc6023 <unknown>\n#13 0x55de1dc941aa <unknown>\n#14 0x55de1dcea6b8 <unknown>\n#15 0x55de1dcea847 <unknown>\n#16 0x55de1dcfa243 <unknown>\n#17 0x7f23f6539b43 <unknown>","time":{"start":1690292038058,"stop":1690292038058,"duration":0}}]},"7c62ead2c384f2f63a2e5d8cf54b42d8":{"statistic":{"failed":2,"broken":4,"skipped":0,"passed":4,"unknown":0,"total":10},"items":[{"uid":"87d58812a24f4cc0","reportUrl":"https://IlyaYaP.github.io/UI-test-automation/10//#testresult/87d58812a24f4cc0","status":"failed","statusDetails":"AssertionError: The message in the alert box does not match the expected","time":{"start":1689791841037,"stop":1689791842816,"duration":1779}},{"uid":"d002e248cb91e6d0","reportUrl":"https://IlyaYaP.github.io/UI-test-automation/9//#testresult/d002e248cb91e6d0","status":"failed","statusDetails":"AssertionError: The message in the alert box does not match the expected","time":{"start":1689794743512,"stop":1689794745834,"duration":2322}},{"uid":"f4f79a2de4419c23","reportUrl":"https://IlyaYaP.github.io/UI-test-automation/8//#testresult/f4f79a2de4419c23","status":"passed","time":{"start":1689790057926,"stop":1689790059054,"duration":1128}},{"uid":"5ef422e2f0bb69","reportUrl":"https://IlyaYaP.github.io/UI-test-automation/7//#testresult/5ef422e2f0bb69","status":"broken","statusDetails":"selenium.common.exceptions.WebDriverException: Message: unknown error: Chrome failed to start: exited abnormally.\n  (unknown error: DevToolsActivePort file doesn't exist)\n  (The process started from chrome location /usr/bin/google-chrome is no longer running, so ChromeDriver is assuming that Chrome has crashed.)\nStacktrace:\n#0 0x5646ff1b94e3 <unknown>\n#1 0x5646feee8c76 <unknown>\n#2 0x5646fef11d78 <unknown>\n#3 0x5646fef0e029 <unknown>\n#4 0x5646fef4cccc <unknown>\n#5 0x5646fef4c47f <unknown>\n#6 0x5646fef43de3 <unknown>\n#7 0x5646fef192dd <unknown>\n#8 0x5646fef1a34e <unknown>\n#9 0x5646ff1793e4 <unknown>\n#10 0x5646ff17d3d7 <unknown>\n#11 0x5646ff187b20 <unknown>\n#12 0x5646ff17e023 <unknown>\n#13 0x5646ff14c1aa <unknown>\n#14 0x5646ff1a26b8 <unknown>\n#15 0x5646ff1a2847 <unknown>\n#16 0x5646ff1b2243 <unknown>\n#17 0x7efc5221fb43 <unknown>","time":{"start":1689710315006,"stop":1689710315006,"duration":0}},{"uid":"f4fb6535ca224152","reportUrl":"https://IlyaYaP.github.io/UI-test-automation/6//#testresult/f4fb6535ca224152","status":"broken","statusDetails":"selenium.common.exceptions.WebDriverException: Message: unknown error: Chrome failed to start: exited abnormally.\n  (unknown error: DevToolsActivePort file doesn't exist)\n  (The process started from chrome location /usr/bin/google-chrome is no longer running, so ChromeDriver is assuming that Chrome has crashed.)\nStacktrace:\n#0 0x55fcfda0f4e3 <unknown>\n#1 0x55fcfd73ec76 <unknown>\n#2 0x55fcfd767d78 <unknown>\n#3 0x55fcfd764029 <unknown>\n#4 0x55fcfd7a2ccc <unknown>\n#5 0x55fcfd7a247f <unknown>\n#6 0x55fcfd799de3 <unknown>\n#7 0x55fcfd76f2dd <unknown>\n#8 0x55fcfd77034e <unknown>\n#9 0x55fcfd9cf3e4 <unknown>\n#10 0x55fcfd9d33d7 <unknown>\n#11 0x55fcfd9ddb20 <unknown>\n#12 0x55fcfd9d4023 <unknown>\n#13 0x55fcfd9a21aa <unknown>\n#14 0x55fcfd9f86b8 <unknown>\n#15 0x55fcfd9f8847 <unknown>\n#16 0x55fcfda08243 <unknown>\n#17 0x7ff9907ffb43 <unknown>","time":{"start":1689707519575,"stop":1689707519575,"duration":0}},{"uid":"ad44e57c9b22356c","reportUrl":"https://IlyaYaP.github.io/UI-test-automation/5//#testresult/ad44e57c9b22356c","status":"passed","time":{"start":1689703194153,"stop":1689703195083,"duration":930}},{"uid":"1d9c226c7aafb1b","reportUrl":"https://IlyaYaP.github.io/UI-test-automation/4//#testresult/1d9c226c7aafb1b","status":"broken","statusDetails":"selenium.common.exceptions.WebDriverException: Message: unknown error: Chrome failed to start: exited abnormally.\n  (unknown error: DevToolsActivePort file doesn't exist)\n  (The process started from chrome location /usr/bin/google-chrome is no longer running, so ChromeDriver is assuming that Chrome has crashed.)\nStacktrace:\n#0 0x5611e96ac4e3 <unknown>\n#1 0x5611e93dbc76 <unknown>\n#2 0x5611e9404d78 <unknown>\n#3 0x5611e9401029 <unknown>\n#4 0x5611e943fccc <unknown>\n#5 0x5611e943f47f <unknown>\n#6 0x5611e9436de3 <unknown>\n#7 0x5611e940c2dd <unknown>\n#8 0x5611e940d34e <unknown>\n#9 0x5611e966c3e4 <unknown>\n#10 0x5611e96703d7 <unknown>\n#11 0x5611e967ab20 <unknown>\n#12 0x5611e9671023 <unknown>\n#13 0x5611e963f1aa <unknown>\n#14 0x5611e96956b8 <unknown>\n#15 0x5611e9695847 <unknown>\n#16 0x5611e96a5243 <unknown>\n#17 0x7f8dbedfab43 <unknown>","time":{"start":1689703051935,"stop":1689703051935,"duration":0}},{"uid":"97400d79ca2efb15","reportUrl":"https://IlyaYaP.github.io/UI-test-automation/3//#testresult/97400d79ca2efb15","status":"passed","time":{"start":1689677407901,"stop":1689677409816,"duration":1915}},{"uid":"b34a34496d9e947e","reportUrl":"https://IlyaYaP.github.io/UI-test-automation/2//#testresult/b34a34496d9e947e","status":"broken","statusDetails":"selenium.common.exceptions.WebDriverException: Message: unknown error: Chrome failed to start: exited abnormally.\n  (unknown error: DevToolsActivePort file doesn't exist)\n  (The process started from chrome location /usr/bin/google-chrome is no longer running, so ChromeDriver is assuming that Chrome has crashed.)\nStacktrace:\n#0 0x5601d9d054e3 <unknown>\n#1 0x5601d9a34c76 <unknown>\n#2 0x5601d9a5dd78 <unknown>\n#3 0x5601d9a5a029 <unknown>\n#4 0x5601d9a98ccc <unknown>\n#5 0x5601d9a9847f <unknown>\n#6 0x5601d9a8fde3 <unknown>\n#7 0x5601d9a652dd <unknown>\n#8 0x5601d9a6634e <unknown>\n#9 0x5601d9cc53e4 <unknown>\n#10 0x5601d9cc93d7 <unknown>\n#11 0x5601d9cd3b20 <unknown>\n#12 0x5601d9cca023 <unknown>\n#13 0x5601d9c981aa <unknown>\n#14 0x5601d9cee6b8 <unknown>\n#15 0x5601d9cee847 <unknown>\n#16 0x5601d9cfe243 <unknown>\n#17 0x7fde49657b43 <unknown>","time":{"start":1689691030139,"stop":1689691030139,"duration":0}},{"uid":"ba745d0dcae4cfb8","reportUrl":"https://IlyaYaP.github.io/UI-test-automation/1//#testresult/ba745d0dcae4cfb8","status":"passed","time":{"start":1689684982068,"stop":1689684983913,"duration":1845}}]},"40ec9d05c37efa07e3f4349d44023431":{"statistic":{"failed":0,"broken":3,"skipped":0,"passed":3,"unknown":0,"total":6},"items":[{"uid":"638c19d0467ad1b9","reportUrl":"https://IlyaYaP.github.io/UI-test-automation/25//#testresult/638c19d0467ad1b9","status":"passed","time":{"start":1690660254452,"stop":1690660255835,"duration":1383}},{"uid":"a6062101f16409da","reportUrl":"https://IlyaYaP.github.io/UI-test-automation/25//#testresult/a6062101f16409da","status":"passed","time":{"start":1690659776618,"stop":1690659778040,"duration":1422}},{"uid":"49e74ee70d98bd79","reportUrl":"https://IlyaYaP.github.io/UI-test-automation/24//#testresult/49e74ee70d98bd79","status":"broken","statusDetails":"selenium.common.exceptions.StaleElementReferenceException: Message: stale element reference: stale element not found\n  (Session info: headless chrome=115.0.5790.102); For documentation on this error, please visit: https://www.selenium.dev/documentation/webdriver/troubleshooting/errors#stale-element-reference-exception\nStacktrace:\n#0 0x56196bb4f783 <unknown>\n#1 0x56196b87b917 <unknown>\n#2 0x56196b87febe <unknown>\n#3 0x56196b881720 <unknown>\n#4 0x56196b8817dc <unknown>\n#5 0x56196b8bb9f2 <unknown>\n#6 0x56196b8b04f1 <unknown>\n#7 0x56196b8dae02 <unknown>\n#8 0x56196b8affb6 <unknown>\n#9 0x56196b8dafce <unknown>\n#10 0x56196b8f30d9 <unknown>\n#11 0x56196b8dabd3 <unknown>\n#12 0x56196b8aea7b <unknown>\n#13 0x56196b8af81e <unknown>\n#14 0x56196bb10e98 <unknown>\n#15 0x56196bb14d67 <unknown>\n#16 0x56196bb1f32c <unknown>\n#17 0x56196bb15993 <unknown>\n#18 0x56196bae4827 <unknown>\n#19 0x56196bb398a8 <unknown>\n#20 0x56196bb39a36 <unknown>\n#21 0x56196bb485f3 <unknown>\n#22 0x7f4a18fb6b43 <unknown>","time":{"start":1690659385728,"stop":1690659386319,"duration":591}},{"uid":"969d5371eefbfa95","reportUrl":"https://IlyaYaP.github.io/UI-test-automation/24//#testresult/969d5371eefbfa95","status":"broken","statusDetails":"selenium.common.exceptions.StaleElementReferenceException: Message: stale element reference: stale element not found\n  (Session info: headless chrome=115.0.5790.102); For documentation on this error, please visit: https://www.selenium.dev/documentation/webdriver/troubleshooting/errors#stale-element-reference-exception\nStacktrace:\n#0 0x559311f8e783 <unknown>\n#1 0x559311cba917 <unknown>\n#2 0x559311cbeebe <unknown>\n#3 0x559311cc0720 <unknown>\n#4 0x559311cc07dc <unknown>\n#5 0x559311cfafcf <unknown>\n#6 0x559311cfa0e7 <unknown>\n#7 0x559311cef599 <unknown>\n#8 0x559311d19e02 <unknown>\n#9 0x559311ceefb6 <unknown>\n#10 0x559311d19fce <unknown>\n#11 0x559311d320d9 <unknown>\n#12 0x559311d19bd3 <unknown>\n#13 0x559311ceda7b <unknown>\n#14 0x559311cee81e <unknown>\n#15 0x559311f4fe98 <unknown>\n#16 0x559311f53d67 <unknown>\n#17 0x559311f5e32c <unknown>\n#18 0x559311f54993 <unknown>\n#19 0x559311f23827 <unknown>\n#20 0x559311f788a8 <unknown>\n#21 0x559311f78a36 <unknown>\n#22 0x559311f875f3 <unknown>\n#23 0x7ff4134e2b43 <unknown>","time":{"start":1690659196745,"stop":1690659197270,"duration":525}},{"uid":"897f87c1567e6ed7","reportUrl":"https://IlyaYaP.github.io/UI-test-automation/24//#testresult/897f87c1567e6ed7","status":"passed","time":{"start":1690658940346,"stop":1690658941835,"duration":1489}},{"uid":"5538483443e4eb8e","reportUrl":"https://IlyaYaP.github.io/UI-test-automation/24//#testresult/5538483443e4eb8e","status":"broken","statusDetails":"selenium.common.exceptions.StaleElementReferenceException: Message: stale element reference: stale element not found\n  (Session info: headless chrome=115.0.5790.102); For documentation on this error, please visit: https://www.selenium.dev/documentation/webdriver/troubleshooting/errors#stale-element-reference-exception\nStacktrace:\n#0 0x5575ebf62783 <unknown>\n#1 0x5575ebc8e917 <unknown>\n#2 0x5575ebc92ebe <unknown>\n#3 0x5575ebc94720 <unknown>\n#4 0x5575ebc947dc <unknown>\n#5 0x5575ebcce9f2 <unknown>\n#6 0x5575ebcc34f1 <unknown>\n#7 0x5575ebcede02 <unknown>\n#8 0x5575ebcc2fb6 <unknown>\n#9 0x5575ebcedfce <unknown>\n#10 0x5575ebd060d9 <unknown>\n#11 0x5575ebcedbd3 <unknown>\n#12 0x5575ebcc1a7b <unknown>\n#13 0x5575ebcc281e <unknown>\n#14 0x5575ebf23e98 <unknown>\n#15 0x5575ebf27d67 <unknown>\n#16 0x5575ebf3232c <unknown>\n#17 0x5575ebf28993 <unknown>\n#18 0x5575ebef7827 <unknown>\n#19 0x5575ebf4c8a8 <unknown>\n#20 0x5575ebf4ca36 <unknown>\n#21 0x5575ebf5b5f3 <unknown>\n#22 0x7f7514001b43 <unknown>","time":{"start":1690658466891,"stop":1690658467508,"duration":617}}]},"9cb44c63571ee1264f53e4b39609c10a":{"statistic":{"failed":0,"broken":8,"skipped":0,"passed":8,"unknown":0,"total":16},"items":[{"uid":"a4f8d66694330eb","reportUrl":"https://IlyaYaP.github.io/UI-test-automation/25//#testresult/a4f8d66694330eb","status":"passed","time":{"start":1690660250725,"stop":1690660251622,"duration":897}},{"uid":"7ec03f100313edea","reportUrl":"https://IlyaYaP.github.io/UI-test-automation/25//#testresult/7ec03f100313edea","status":"passed","time":{"start":1690659772800,"stop":1690659773703,"duration":903}},{"uid":"fbe1d56932cf062d","reportUrl":"https://IlyaYaP.github.io/UI-test-automation/24//#testresult/fbe1d56932cf062d","status":"passed","time":{"start":1690659381452,"stop":1690659382569,"duration":1117}},{"uid":"e5d1b8ffc17d0140","reportUrl":"https://IlyaYaP.github.io/UI-test-automation/24//#testresult/e5d1b8ffc17d0140","status":"passed","time":{"start":1690659192949,"stop":1690659193848,"duration":899}},{"uid":"9b1bdab961748d8b","reportUrl":"https://IlyaYaP.github.io/UI-test-automation/24//#testresult/9b1bdab961748d8b","status":"passed","time":{"start":1690658936478,"stop":1690658937444,"duration":966}},{"uid":"6da66119b0a5f5e2","reportUrl":"https://IlyaYaP.github.io/UI-test-automation/24//#testresult/6da66119b0a5f5e2","status":"passed","time":{"start":1690658462465,"stop":1690658463694,"duration":1229}},{"uid":"b96a111e44b9d72d","reportUrl":"https://IlyaYaP.github.io/UI-test-automation/23//#testresult/b96a111e44b9d72d","status":"broken","statusDetails":"selenium.common.exceptions.WebDriverException: Message: unknown error: Chrome failed to start: exited abnormally.\n  (unknown error: DevToolsActivePort file doesn't exist)\n  (The process started from chrome location /usr/bin/google-chrome is no longer running, so ChromeDriver is assuming that Chrome has crashed.)\nStacktrace:\n#0 0x558c54d1c783 <unknown>\n#1 0x558c54a48917 <unknown>\n#2 0x558c54a73978 <unknown>\n#3 0x558c54a709c9 <unknown>\n#4 0x558c54ab0a13 <unknown>\n#5 0x558c54ab015f <unknown>\n#6 0x558c54aa7bd3 <unknown>\n#7 0x558c54a7ba7b <unknown>\n#8 0x558c54a7c81e <unknown>\n#9 0x558c54cdde98 <unknown>\n#10 0x558c54ce1d67 <unknown>\n#11 0x558c54cec32c <unknown>\n#12 0x558c54ce2993 <unknown>\n#13 0x558c54cb1827 <unknown>\n#14 0x558c54d068a8 <unknown>\n#15 0x558c54d06a36 <unknown>\n#16 0x558c54d155f3 <unknown>\n#17 0x7f9b6e20ab43 <unknown>","time":{"start":1690550714575,"stop":1690550714575,"duration":0}},{"uid":"29859db8581e1ce","reportUrl":"https://IlyaYaP.github.io/UI-test-automation/22//#testresult/29859db8581e1ce","status":"broken","statusDetails":"selenium.common.exceptions.WebDriverException: Message: unknown error: Chrome failed to start: exited abnormally.\n  (unknown error: DevToolsActivePort file doesn't exist)\n  (The process started from chrome location /usr/bin/google-chrome is no longer running, so ChromeDriver is assuming that Chrome has crashed.)\nStacktrace:\n#0 0x55f61274b783 <unknown>\n#1 0x55f612477917 <unknown>\n#2 0x55f6124a2978 <unknown>\n#3 0x55f61249f9c9 <unknown>\n#4 0x55f6124dfa13 <unknown>\n#5 0x55f6124df15f <unknown>\n#6 0x55f6124d6bd3 <unknown>\n#7 0x55f6124aaa7b <unknown>\n#8 0x55f6124ab81e <unknown>\n#9 0x55f61270ce98 <unknown>\n#10 0x55f612710d67 <unknown>\n#11 0x55f61271b32c <unknown>\n#12 0x55f612711993 <unknown>\n#13 0x55f6126e0827 <unknown>\n#14 0x55f6127358a8 <unknown>\n#15 0x55f612735a36 <unknown>\n#16 0x55f6127445f3 <unknown>\n#17 0x7f1509384b43 <unknown>","time":{"start":1690549133033,"stop":1690549133033,"duration":0}},{"uid":"51b6e538f4f14732","reportUrl":"https://IlyaYaP.github.io/UI-test-automation/21//#testresult/51b6e538f4f14732","status":"broken","statusDetails":"selenium.common.exceptions.WebDriverException: Message: unknown error: Chrome failed to start: exited abnormally.\n  (unknown error: DevToolsActivePort file doesn't exist)\n  (The process started from chrome location /usr/bin/google-chrome is no longer running, so ChromeDriver is assuming that Chrome has crashed.)\nStacktrace:\n#0 0x55781fbd7783 <unknown>\n#1 0x55781f903917 <unknown>\n#2 0x55781f92e978 <unknown>\n#3 0x55781f92b9c9 <unknown>\n#4 0x55781f96ba13 <unknown>\n#5 0x55781f96b15f <unknown>\n#6 0x55781f962bd3 <unknown>\n#7 0x55781f936a7b <unknown>\n#8 0x55781f93781e <unknown>\n#9 0x55781fb98e98 <unknown>\n#10 0x55781fb9cd67 <unknown>\n#11 0x55781fba732c <unknown>\n#12 0x55781fb9d993 <unknown>\n#13 0x55781fb6c827 <unknown>\n#14 0x55781fbc18a8 <unknown>\n#15 0x55781fbc1a36 <unknown>\n#16 0x55781fbd05f3 <unknown>\n#17 0x7f99871abb43 <unknown>","time":{"start":1690545970104,"stop":1690545970104,"duration":0}},{"uid":"7ebe7548c737bcfd","reportUrl":"https://IlyaYaP.github.io/UI-test-automation/20//#testresult/7ebe7548c737bcfd","status":"passed","time":{"start":1690535265513,"stop":1690535266639,"duration":1126}},{"uid":"2f08eb061cf5e24b","reportUrl":"https://IlyaYaP.github.io/UI-test-automation/19//#testresult/2f08eb061cf5e24b","status":"broken","statusDetails":"ValueError: There is no such driver by url https://chromedriver.storage.googleapis.com/LATEST_RELEASE_115.0.5790","time":{"start":1690534679755,"stop":1690534679755,"duration":0}},{"uid":"ff84eb0a8190a4cf","reportUrl":"https://IlyaYaP.github.io/UI-test-automation/18//#testresult/ff84eb0a8190a4cf","status":"broken","statusDetails":"ValueError: There is no such driver by url https://chromedriver.storage.googleapis.com/LATEST_RELEASE_115.0.5790","time":{"start":1690534145119,"stop":1690534145119,"duration":0}},{"uid":"aeaf468c57c39bce","reportUrl":"https://IlyaYaP.github.io/UI-test-automation/17//#testresult/aeaf468c57c39bce","status":"broken","statusDetails":"ValueError: There is no such driver by url https://chromedriver.storage.googleapis.com/LATEST_RELEASE_115.0.5790","time":{"start":1690534006360,"stop":1690534006360,"duration":0}},{"uid":"2ee9c59bdd3e831e","reportUrl":"https://IlyaYaP.github.io/UI-test-automation/16//#testresult/2ee9c59bdd3e831e","status":"broken","statusDetails":"ValueError: There is no such driver by url https://chromedriver.storage.googleapis.com/LATEST_RELEASE_115.0.5790","time":{"start":1690364465984,"stop":1690364465984,"duration":0}},{"uid":"15d795e7090f9b9e","reportUrl":"https://IlyaYaP.github.io/UI-test-automation/15//#testresult/15d795e7090f9b9e","status":"broken","statusDetails":"selenium.common.exceptions.WebDriverException: Message: unknown error: Chrome failed to start: exited abnormally.\n  (unknown error: DevToolsActivePort file doesn't exist)\n  (The process started from chrome location /usr/bin/google-chrome is no longer running, so ChromeDriver is assuming that Chrome has crashed.)\nStacktrace:\n#0 0x55982e1bf4e3 <unknown>\n#1 0x55982deeec76 <unknown>\n#2 0x55982df17d78 <unknown>\n#3 0x55982df14029 <unknown>\n#4 0x55982df52ccc <unknown>\n#5 0x55982df5247f <unknown>\n#6 0x55982df49de3 <unknown>\n#7 0x55982df1f2dd <unknown>\n#8 0x55982df2034e <unknown>\n#9 0x55982e17f3e4 <unknown>\n#10 0x55982e1833d7 <unknown>\n#11 0x55982e18db20 <unknown>\n#12 0x55982e184023 <unknown>\n#13 0x55982e1521aa <unknown>\n#14 0x55982e1a86b8 <unknown>\n#15 0x55982e1a8847 <unknown>\n#16 0x55982e1b8243 <unknown>\n#17 0x7f2e8c273b43 <unknown>","time":{"start":1690292034668,"stop":1690292034668,"duration":0}},{"uid":"156832f12f860966","reportUrl":"https://IlyaYaP.github.io/UI-test-automation/13//#testresult/156832f12f860966","status":"passed","time":{"start":1689967871607,"stop":1689967872619,"duration":1012}}]}}