{"uid":"36d1baeb057a8f37","name":"test_shopping_cart","fullName":"tests.test_shopping_cart.TestShoppingCart#test_shopping_cart","historyId":"8a2d8fc7a8bf0a43f572cfba82000789","time":{"start":1690545974105,"stop":1690545974105,"duration":0},"status":"broken","statusMessage":"selenium.common.exceptions.WebDriverException: Message: unknown error: Chrome failed to start: exited abnormally.\n  (unknown error: DevToolsActivePort file doesn't exist)\n  (The process started from chrome location /usr/bin/google-chrome is no longer running, so ChromeDriver is assuming that Chrome has crashed.)\nStacktrace:\n#0 0x5560d4176783 <unknown>\n#1 0x5560d3ea2917 <unknown>\n#2 0x5560d3ecd978 <unknown>\n#3 0x5560d3eca9c9 <unknown>\n#4 0x5560d3f0aa13 <unknown>\n#5 0x5560d3f0a15f <unknown>\n#6 0x5560d3f01bd3 <unknown>\n#7 0x5560d3ed5a7b <unknown>\n#8 0x5560d3ed681e <unknown>\n#9 0x5560d4137e98 <unknown>\n#10 0x5560d413bd67 <unknown>\n#11 0x5560d414632c <unknown>\n#12 0x5560d413c993 <unknown>\n#13 0x5560d410b827 <unknown>\n#14 0x5560d41608a8 <unknown>\n#15 0x5560d4160a36 <unknown>\n#16 0x5560d416f5f3 <unknown>\n#17 0x7f955d6eeb43 <unknown>","statusTrace":"E   selenium.common.exceptions.WebDriverException: Message: unknown error: Chrome failed to start: exited abnormally.\n      (unknown error: DevToolsActivePort file doesn't exist)\n      (The process started from chrome location /usr/bin/google-chrome is no longer running, so ChromeDriver is assuming that Chrome has crashed.)\n    Stacktrace:\n    #0 0x5560d4176783 <unknown>\n    #1 0x5560d3ea2917 <unknown>\n    #2 0x5560d3ecd978 <unknown>\n    #3 0x5560d3eca9c9 <unknown>\n    #4 0x5560d3f0aa13 <unknown>\n    #5 0x5560d3f0a15f <unknown>\n    #6 0x5560d3f01bd3 <unknown>\n    #7 0x5560d3ed5a7b <unknown>\n    #8 0x5560d3ed681e <unknown>\n    #9 0x5560d4137e98 <unknown>\n    #10 0x5560d413bd67 <unknown>\n    #11 0x5560d414632c <unknown>\n    #12 0x5560d413c993 <unknown>\n    #13 0x5560d410b827 <unknown>\n    #14 0x5560d41608a8 <unknown>\n    #15 0x5560d4160a36 <unknown>\n    #16 0x5560d416f5f3 <unknown>\n    #17 0x7f955d6eeb43 <unknown>","flaky":false,"newFailed":false,"newBroken":true,"newPassed":false,"retriesCount":0,"retriesStatusChange":false,"beforeStages":[{"name":"_session_faker","time":{"start":1690545970105,"stop":1690545970129,"duration":24},"status":"passed","steps":[],"attachments":[],"parameters":[],"stepsCount":0,"attachmentsCount":0,"shouldDisplayMessage":false,"hasContent":false},{"name":"browser","time":{"start":1690545974106,"stop":1690545974724,"duration":618},"status":"broken","statusMessage":"selenium.common.exceptions.WebDriverException: Message: unknown error: Chrome failed to start: exited abnormally.\n  (unknown error: DevToolsActivePort file doesn't exist)\n  (The process started from chrome location /usr/bin/google-chrome is no longer running, so ChromeDriver is assuming that Chrome has crashed.)\nStacktrace:\n#0 0x5560d4176783 <unknown>\n#1 0x5560d3ea2917 <unknown>\n#2 0x5560d3ecd978 <unknown>\n#3 0x5560d3eca9c9 <unknown>\n#4 0x5560d3f0aa13 <unknown>\n#5 0x5560d3f0a15f <unknown>\n#6 0x5560d3f01bd3 <unknown>\n#7 0x5560d3ed5a7b <unknown>\n#8 0x5560d3ed681e <unknown>\n#9 0x5560d4137e98 <unknown>\n#10 0x5560d413bd67 <unknown>\n#11 0x5560d414632c <unknown>\n#12 0x5560d413c993 <unknown>\n#13 0x5560d410b827 <unknown>\n#14 0x5560d41608a8 <unknown>\n#15 0x5560d4160a36 <unknown>\n#16 0x5560d416f5f3 <unknown>\n#17 0x7f955d6eeb43 <unknown>\n\n","statusTrace":"  File \"/opt/hostedtoolcache/Python/3.10.12/x64/lib/python3.10/site-packages/pluggy/_callers.py\", line 80, in _multicall\n    res = hook_impl.function(*args)\n  File \"/opt/hostedtoolcache/Python/3.10.12/x64/lib/python3.10/site-packages/_pytest/fixtures.py\", line 1123, in pytest_fixture_setup\n    result = call_fixture_func(fixturefunc, request, kwargs)\n  File \"/opt/hostedtoolcache/Python/3.10.12/x64/lib/python3.10/site-packages/_pytest/fixtures.py\", line 895, in call_fixture_func\n    fixture_result = next(generator)\n  File \"/home/runner/work/UI-test-automation/UI-test-automation/conftest.py\", line 33, in browser\n    browser = webdriver.Chrome(\n  File \"/opt/hostedtoolcache/Python/3.10.12/x64/lib/python3.10/site-packages/selenium/webdriver/chrome/webdriver.py\", line 49, in __init__\n    super().__init__(\n  File \"/opt/hostedtoolcache/Python/3.10.12/x64/lib/python3.10/site-packages/selenium/webdriver/chromium/webdriver.py\", line 54, in __init__\n    super().__init__(\n  File \"/opt/hostedtoolcache/Python/3.10.12/x64/lib/python3.10/site-packages/selenium/webdriver/remote/webdriver.py\", line 206, in __init__\n    self.start_session(capabilities)\n  File \"/opt/hostedtoolcache/Python/3.10.12/x64/lib/python3.10/site-packages/selenium/webdriver/remote/webdriver.py\", line 291, in start_session\n    response = self.execute(Command.NEW_SESSION, caps)[\"value\"]\n  File \"/opt/hostedtoolcache/Python/3.10.12/x64/lib/python3.10/site-packages/selenium/webdriver/remote/webdriver.py\", line 346, in execute\n    self.error_handler.check_response(response)\n  File \"/opt/hostedtoolcache/Python/3.10.12/x64/lib/python3.10/site-packages/selenium/webdriver/remote/errorhandler.py\", line 245, in check_response\n    raise exception_class(message, screen, stacktrace)\n","steps":[],"attachments":[],"parameters":[],"stepsCount":0,"attachmentsCount":0,"shouldDisplayMessage":true,"hasContent":true}],"afterStages":[],"labels":[{"name":"story","value":"Тест добавления продукта в корзину."},{"name":"feature","value":"Тесты добавления продукта в корзину."},{"name":"tag","value":"add_shopping_cart_test"},{"name":"tag","value":"shopping_cart_tests(scope='class', autouse=True)"},{"name":"parentSuite","value":"tests"},{"name":"suite","value":"test_shopping_cart"},{"name":"subSuite","value":"TestShoppingCart"},{"name":"host","value":"fv-az1241-897"},{"name":"thread","value":"2346-MainThread"},{"name":"framework","value":"pytest"},{"name":"language","value":"cpython3"},{"name":"package","value":"tests.test_shopping_cart"},{"name":"resultFormat","value":"allure2"}],"parameters":[],"links":[],"hidden":false,"retry":false,"extra":{"severity":"normal","retries":[],"categories":[{"name":"Test defects","matchedStatuses":[],"flaky":false}],"history":{"statistic":{"failed":0,"broken":6,"skipped":0,"passed":1,"unknown":0,"total":7},"items":[{"uid":"1e586730c155a335","reportUrl":"https://IlyaYaP.github.io/UI-test-automation/20//#testresult/1e586730c155a335","status":"passed","time":{"start":1690535271510,"stop":1690535273352,"duration":1842}},{"uid":"729e1638f831178c","reportUrl":"https://IlyaYaP.github.io/UI-test-automation/19//#testresult/729e1638f831178c","status":"broken","statusDetails":"ValueError: There is no such driver by url https://chromedriver.storage.googleapis.com/LATEST_RELEASE_115.0.5790","time":{"start":1690534680564,"stop":1690534680564,"duration":0}},{"uid":"d4f19dfe141edfe","reportUrl":"https://IlyaYaP.github.io/UI-test-automation/18//#testresult/d4f19dfe141edfe","status":"broken","statusDetails":"ValueError: There is no such driver by url https://chromedriver.storage.googleapis.com/LATEST_RELEASE_115.0.5790","time":{"start":1690534145948,"stop":1690534145948,"duration":0}},{"uid":"2c3606db3cf1ba4b","reportUrl":"https://IlyaYaP.github.io/UI-test-automation/17//#testresult/2c3606db3cf1ba4b","status":"broken","statusDetails":"ValueError: There is no such driver by url https://chromedriver.storage.googleapis.com/LATEST_RELEASE_115.0.5790","time":{"start":1690534006977,"stop":1690534006977,"duration":0}},{"uid":"4cfd35b00d846de1","reportUrl":"https://IlyaYaP.github.io/UI-test-automation/16//#testresult/4cfd35b00d846de1","status":"broken","statusDetails":"ValueError: There is no such driver by url https://chromedriver.storage.googleapis.com/LATEST_RELEASE_115.0.5790","time":{"start":1690364469322,"stop":1690364469322,"duration":0}},{"uid":"7026632b7319d5e1","reportUrl":"https://IlyaYaP.github.io/UI-test-automation/15//#testresult/7026632b7319d5e1","status":"broken","statusDetails":"selenium.common.exceptions.WebDriverException: Message: unknown error: Chrome failed to start: exited abnormally.\n  (unknown error: DevToolsActivePort file doesn't exist)\n  (The process started from chrome location /usr/bin/google-chrome is no longer running, so ChromeDriver is assuming that Chrome has crashed.)\nStacktrace:\n#0 0x55de1dd014e3 <unknown>\n#1 0x55de1da30c76 <unknown>\n#2 0x55de1da59d78 <unknown>\n#3 0x55de1da56029 <unknown>\n#4 0x55de1da94ccc <unknown>\n#5 0x55de1da9447f <unknown>\n#6 0x55de1da8bde3 <unknown>\n#7 0x55de1da612dd <unknown>\n#8 0x55de1da6234e <unknown>\n#9 0x55de1dcc13e4 <unknown>\n#10 0x55de1dcc53d7 <unknown>\n#11 0x55de1dccfb20 <unknown>\n#12 0x55de1dcc6023 <unknown>\n#13 0x55de1dc941aa <unknown>\n#14 0x55de1dcea6b8 <unknown>\n#15 0x55de1dcea847 <unknown>\n#16 0x55de1dcfa243 <unknown>\n#17 0x7f23f6539b43 <unknown>","time":{"start":1690292038058,"stop":1690292038058,"duration":0}}]},"tags":["add_shopping_cart_test","shopping_cart_tests(scope='class', autouse=True)"]},"source":"36d1baeb057a8f37.json","parameterValues":[]}